#
# There is insufficient memory for the Java Runtime Environment to continue.
# Native memory allocation (mmap) failed to map 134217728 bytes for G1 virtual space
# Possible reasons:
#   The system is out of physical RAM or swap space
#   The process is running with CompressedOops enabled, and the Java Heap may be blocking the growth of the native heap
# Possible solutions:
#   Reduce memory load on the system
#   Increase physical memory or swap space
#   Check if swap backing store is full
#   Decrease Java heap size (-Xmx/-Xms)
#   Decrease number of Java threads
#   Decrease Java thread stack sizes (-Xss)
#   Set larger code cache with -XX:ReservedCodeCacheSize=
#   JVM is running with Unscaled Compressed Oops mode in which the Java heap is
#     placed in the first 4GB address space. The Java Heap base address is the
#     maximum limit for the native heap growth. Please use -XX:HeapBaseMinAddress
#     to set the Java Heap base and to place the Java Heap above 4GB virtual address.
# This output file may be truncated or incomplete.
#
#  Out of Memory Error (os_windows.cpp:3550), pid=6376, tid=3108
#
# JRE version:  (17.0.6+9) (build )
# Java VM: Java HotSpot(TM) 64-Bit Server VM (17.0.6+9-LTS-190, mixed mode, emulated-client, sharing, tiered, compressed oops, compressed class ptrs, g1 gc, windows-amd64)
# No core dump will be written. Minidumps are not enabled by default on client versions of Windows
#

---------------  S U M M A R Y ------------

Command Line: -Dfile.encoding=UTF8 -XX:TieredStopAtLevel=1 -Dspring.output.ansi.enabled=always -Dcom.sun.management.jmxremote -Dspring.jmx.enabled=true -Dspring.liveBeansView.mbeanDomain -Dspring.application.admin.enabled=true -Dmanagement.endpoints.jmx.exposure.include=* -javaagent:C:\Program Files\JetBrains\IntelliJ IDEA 2023.1\lib\idea_rt.jar=59441:C:\Program Files\JetBrains\IntelliJ IDEA 2023.1\bin -Dfile.encoding=UTF-8 com.programmingtech.discoverserver.DiscoveryServerApplication

Host: AMD Ryzen 3 1200 Quad-Core Processor           , 4 cores, 7G,  Windows 10 , 64 bit Build 19041 (10.0.19041.2913)
Time: Sat May 20 12:03:12 2023 RTZ 2 (s 10 , 64 bit Build 19041 (10.0.19041.2913) elapsed time: 0.019190 seconds (0d 0h 0m 0s)

---------------  T H R E A D  ---------------

Current thread (0x000001ffff708630):  JavaThread "Unknown thread" [_thread_in_vm, id=3108, stack(0x00000035dec00000,0x00000035ded00000)]

Stack: [0x00000035dec00000,0x00000035ded00000]
Native frames: (J=compiled Java code, j=interpreted, Vv=VM code, C=native code)
V  [jvm.dll+0x6734ea]
V  [jvm.dll+0x7d18f4]
V  [jvm.dll+0x7d309e]
V  [jvm.dll+0x7d3703]
V  [jvm.dll+0x2433c5]
V  [jvm.dll+0x6703f9]
V  [jvm.dll+0x664d32]
V  [jvm.dll+0x300086]
V  [jvm.dll+0x307606]
V  [jvm.dll+0x356c1e]
V  [jvm.dll+0x356e4f]
V  [jvm.dll+0x2d72e8]
V  [jvm.dll+0x2d8254]
V  [jvm.dll+0x7a33b1]
V  [jvm.dll+0x3647f1]
V  [jvm.dll+0x782839]
V  [jvm.dll+0x3e757f]
V  [jvm.dll+0x3e9001]
C  [jli.dll+0x5297]
C  [ucrtbase.dll+0x21bb2]
C  [KERNEL32.DLL+0x17614]
C  [ntdll.dll+0x526a1]


---------------  P R O C E S S  ---------------

Threads class SMR info:
_java_thread_list=0x00007ffa2f21e958, length=0, elements={
}

Java Threads: ( => current thread )

Other Threads:
  0x000001ffff763330 GCTaskThread "GC Thread#0" [stack: 0x00000035ded00000,0x00000035dee00000] [id=16608]
  0x000001ffff7740f0 ConcurrentGCThread "G1 Main Marker" [stack: 0x00000035dee00000,0x00000035def00000] [id=14956]
  0x000001ffff774b00 ConcurrentGCThread "G1 Conc#0" [stack: 0x00000035def00000,0x00000035df000000] [id=10340]

[error occurred during error reporting (printing all threads), id 0xc0000005, EXCEPTION_ACCESS_VIOLATION (0xc0000005) at pc=0x00007ffa2ea57f07]

VM state: not at safepoint (not fully initialized)

VM Mutex/Monitor currently owned by a thread:  ([mutex/lock_event])
[0x000001ffff705390] Heap_lock - owner thread: 0x000001ffff708630

Heap address: 0x0000000080c00000, size: 2036 MB, Compressed Oops mode: 32-bit

CDS archive(s) mapped at: [0x0000000000000000-0x0000000000000000-0x0000000000000000), size 0, SharedBaseAddress: 0x0000000800000000, ArchiveRelocationMode: 0.
Narrow klass base: 0x0000000000000000, Narrow klass shift: 0, Narrow klass range: 0x0

GC Precious Log:
<Empty>

Heap:
 garbage-first heap   total 0K, used 0K [0x0000000080c00000, 0x0000000100000000)
  region size 1024K, 0 young (0K), 0 survivors (0K)

[error occurred during error reporting (printing heap information), id 0xc0000005, EXCEPTION_ACCESS_VIOLATION (0xc0000005) at pc=0x00007ffa2ee3c759]

GC Heap History (0 events):
No events

Deoptimization events (0 events):
No events

Classes unloaded (0 events):
No events

Classes redefined (0 events):
No events

Internal exceptions (0 events):
No events

VM Operations (0 events):
No events

Events (1 events):
Event: 0.012 Loaded shared library C:\Program Files\Java\jdk-17.0.6\bin\java.dll


Dynamic libraries:
0x00007ff7b21c0000 - 0x00007ff7b21d0000 	C:\Program Files\Java\jdk-17.0.6\bin\java.exe
0x00007ffa7a790000 - 0x00007ffa7a988000 	C:\WINDOWS\SYSTEM32\ntdll.dll
0x00007ffa79c40000 - 0x00007ffa79cff000 	C:\WINDOWS\System32\KERNEL32.DLL
0x00007ffa78060000 - 0x00007ffa78356000 	C:\WINDOWS\System32\KERNELBASE.dll
0x00007ffa786c0000 - 0x00007ffa787c0000 	C:\WINDOWS\System32\ucrtbase.dll
0x00007ffa5b7a0000 - 0x00007ffa5b7bb000 	C:\Program Files\Java\jdk-17.0.6\bin\VCRUNTIME140.dll
0x00007ffa5b7c0000 - 0x00007ffa5b7d8000 	C:\Program Files\Java\jdk-17.0.6\bin\jli.dll
0x00007ffa787c0000 - 0x00007ffa7886f000 	C:\WINDOWS\System32\ADVAPI32.dll
0x00007ffa79ea0000 - 0x00007ffa79f3e000 	C:\WINDOWS\System32\msvcrt.dll
0x00007ffa78870000 - 0x00007ffa7890c000 	C:\WINDOWS\System32\sechost.dll
0x00007ffa78970000 - 0x00007ffa78a96000 	C:\WINDOWS\System32\RPCRT4.dll
0x00007ffa7a420000 - 0x00007ffa7a5bd000 	C:\WINDOWS\System32\USER32.dll
0x00007ffa64cc0000 - 0x00007ffa64f5a000 	C:\WINDOWS\WinSxS\amd64_microsoft.windows.common-controls_6595b64144ccf1df_6.0.19041.1110_none_60b5254171f9507e\COMCTL32.dll
0x00007ffa78940000 - 0x00007ffa7896c000 	C:\WINDOWS\System32\GDI32.dll
0x00007ffa785e0000 - 0x00007ffa78602000 	C:\WINDOWS\System32\win32u.dll
0x00007ffa784c0000 - 0x00007ffa785d5000 	C:\WINDOWS\System32\gdi32full.dll
0x00007ffa77f50000 - 0x00007ffa77fed000 	C:\WINDOWS\System32\msvcp_win.dll
0x00007ffa6e740000 - 0x00007ffa6e74a000 	C:\WINDOWS\SYSTEM32\VERSION.dll
0x00007ffa78b80000 - 0x00007ffa78bb0000 	C:\WINDOWS\System32\IMM32.DLL
0x00007ffa68ab0000 - 0x00007ffa68abc000 	C:\Program Files\Java\jdk-17.0.6\bin\vcruntime140_1.dll
0x00007ffa2f350000 - 0x00007ffa2f3de000 	C:\Program Files\Java\jdk-17.0.6\bin\msvcp140.dll
0x00007ffa2e770000 - 0x00007ffa2f347000 	C:\Program Files\Java\jdk-17.0.6\bin\server\jvm.dll
0x00007ffa790f0000 - 0x00007ffa790f8000 	C:\WINDOWS\System32\PSAPI.DLL
0x00007ffa5a170000 - 0x00007ffa5a179000 	C:\WINDOWS\SYSTEM32\WSOCK32.dll
0x00007ffa79d00000 - 0x00007ffa79d6b000 	C:\WINDOWS\System32\WS2_32.dll
0x00007ffa6e710000 - 0x00007ffa6e737000 	C:\WINDOWS\SYSTEM32\WINMM.dll
0x00007ffa75ce0000 - 0x00007ffa75cf2000 	C:\WINDOWS\SYSTEM32\kernel.appcore.dll
0x00007ffa68a80000 - 0x00007ffa68a8a000 	C:\Program Files\Java\jdk-17.0.6\bin\jimage.dll
0x00007ffa6a5b0000 - 0x00007ffa6a794000 	C:\WINDOWS\SYSTEM32\DBGHELP.DLL
0x00007ffa6a570000 - 0x00007ffa6a5a4000 	C:\WINDOWS\SYSTEM32\dbgcore.DLL
0x00007ffa77e90000 - 0x00007ffa77f12000 	C:\WINDOWS\System32\bcryptPrimitives.dll
0x00007ffa73c50000 - 0x00007ffa73c5e000 	C:\Program Files\Java\jdk-17.0.6\bin\instrument.dll
0x00007ffa453a0000 - 0x00007ffa453c5000 	C:\Program Files\Java\jdk-17.0.6\bin\java.dll

dbghelp: loaded successfully - version: 4.0.5 - missing functions: none
symbol engine: initialized successfully - sym options: 0x614 - pdb path: .;C:\Program Files\Java\jdk-17.0.6\bin;C:\WINDOWS\SYSTEM32;C:\WINDOWS\WinSxS\amd64_microsoft.windows.common-controls_6595b64144ccf1df_6.0.19041.1110_none_60b5254171f9507e;C:\Program Files\Java\jdk-17.0.6\bin\server

VM Arguments:
jvm_args: -Dfile.encoding=UTF8 -XX:TieredStopAtLevel=1 -Dspring.output.ansi.enabled=always -Dcom.sun.management.jmxremote -Dspring.jmx.enabled=true -Dspring.liveBeansView.mbeanDomain -Dspring.application.admin.enabled=true -Dmanagement.endpoints.jmx.exposure.include=* -javaagent:C:\Program Files\JetBrains\IntelliJ IDEA 2023.1\lib\idea_rt.jar=59441:C:\Program Files\JetBrains\IntelliJ IDEA 2023.1\bin -Dfile.encoding=UTF-8 
java_command: com.programmingtech.discoverserver.DiscoveryServerApplication
java_class_path (initial): C:\project\microservices-program\discovery-server\target\classes;C:\Users\Comp\.m2\repository\org\springframework\cloud\spring-cloud-starter-netflix-eureka-server\4.0.1\spring-cloud-starter-netflix-eureka-server-4.0.1.jar;C:\Users\Comp\.m2\repository\org\springframework\cloud\spring-cloud-starter\4.0.2\spring-cloud-starter-4.0.2.jar;C:\Users\Comp\.m2\repository\org\springframework\boot\spring-boot-starter\3.0.5\spring-boot-starter-3.0.5.jar;C:\Users\Comp\.m2\repository\org\springframework\boot\spring-boot\3.0.5\spring-boot-3.0.5.jar;C:\Users\Comp\.m2\repository\org\springframework\boot\spring-boot-autoconfigure\3.0.5\spring-boot-autoconfigure-3.0.5.jar;C:\Users\Comp\.m2\repository\org\springframework\boot\spring-boot-starter-logging\3.0.5\spring-boot-starter-logging-3.0.5.jar;C:\Users\Comp\.m2\repository\ch\qos\logback\logback-classic\1.4.6\logback-classic-1.4.6.jar;C:\Users\Comp\.m2\repository\ch\qos\logback\logback-core\1.4.6\logback-core-1.4.6.jar;C:\Users\Comp\.m2\repository\org\apache\logging\log4j\log4j-to-slf4j\2.19.0\log4j-to-slf4j-2.19.0.jar;C:\Users\Comp\.m2\repository\org\apache\logging\log4j\log4j-api\2.19.0\log4j-api-2.19.0.jar;C:\Users\Comp\.m2\repository\org\slf4j\jul-to-slf4j\2.0.7\jul-to-slf4j-2.0.7.jar;C:\Users\Comp\.m2\repository\jakarta\annotation\jakarta.annotation-api\2.1.1\jakarta.annotation-api-2.1.1.jar;C:\Users\Comp\.m2\repository\org\springframework\spring-core\6.0.7\spring-core-6.0.7.jar;C:\Users\Comp\.m2\repository\org\springframework\spring-jcl\6.0.7\spring-jcl-6.0.7.jar;C:\Users\Comp\.m2\repository\org\yaml\snakeyaml\1.33\snakeyaml-1.33.jar;C:\Users\Comp\.m2\repository\org\springframework\cloud\spring-cloud-context\4.0.2\spring-cloud-context-4.0.2.jar;C:\Users\Comp\.m2\repository\org\springframework\security\spring-security-crypto\6.0.2\spring-security-crypto-6.0.2.jar;C:\Users\Comp\.m2\repository\org\springframework\cloud\spring-cloud-commons\4.0.2\spring-cloud-commons-4.0.2.jar;C:\Users\Comp\.m2\repositor
Launcher Type: SUN_STANDARD

[Global flags]
     intx CICompilerCount                          = 3                                         {product} {ergonomic}
     uint ConcGCThreads                            = 1                                         {product} {ergonomic}
     uint G1ConcRefinementThreads                  = 4                                         {product} {ergonomic}
   size_t G1HeapRegionSize                         = 1048576                                   {product} {ergonomic}
    uintx GCDrainStackTargetSize                   = 64                                        {product} {ergonomic}
   size_t InitialHeapSize                          = 134217728                                 {product} {ergonomic}
     bool ManagementServer                         = true                                      {product} {command line}
   size_t MarkStackSize                            = 4194304                                   {product} {ergonomic}
   size_t MaxHeapSize                              = 2134900736                                {product} {ergonomic}
   size_t MinHeapDeltaBytes                        = 1048576                                   {product} {ergonomic}
   size_t MinHeapSize                              = 8388608                                   {product} {ergonomic}
    uintx NonProfiledCodeHeapSize                  = 0                                      {pd product} {ergonomic}
     bool ProfileInterpreter                       = false                                  {pd product} {command line}
    uintx ProfiledCodeHeapSize                     = 0                                      {pd product} {ergonomic}
   size_t SoftMaxHeapSize                          = 2134900736                             {manageable} {ergonomic}
     intx TieredStopAtLevel                        = 1                                         {product} {command line}
     bool UseCompressedClassPointers               = true                           {product lp64_product} {ergonomic}
     bool UseCompressedOops                        = true                           {product lp64_product} {ergonomic}
     bool UseG1GC                                  = true                                      {product} {ergonomic}
     bool UseLargePagesIndividualAllocation        = false                                  {pd product} {ergonomic}

Logging:
Log output configuration:
 #0: stdout all=warning uptime,level,tags
 #1: stderr all=off uptime,level,tags

Environment Variables:
JAVA_HOME=C:\Program Files\Java\jdk-17.0.6
JAVA_TOOL_OPTIONS=-Dfile.encoding=UTF8
PATH=C:\ProgramData\Oracle\Java\javapath;C:\Program Files (x86)\AMD APP\bin\x86_64;C:\Program Files (x86)\AMD APP\bin\x86;C:\WINDOWS\system32;C:\WINDOWS;C:\WINDOWS\System32\Wbem;C:\WINDOWS\System32\WindowsPowerShell\v1.0\;C:\Program Files\Java\jdk-17.0.6;C:\Program Files (x86)\ATI Technologies\ATI.ACE\Core-Static;C:\Program Files (x86)\AMD\ATI.ACE\Core-Static;C:\PostgreSQL\pg96\bin;C:\ProgramData\chocolatey\lib\gradle\tools\gradle-5.6.2\bin;C:\ProgramData\chocolatey\bin;C:\Program Files\Git\cmd;C:\WINDOWS\System32\OpenSSH\;C:\Program Files\Redis;C:\Program Files\Intel\WiFi\bin\;C:\Program Files\Common Files\Intel\WirelessCommon\;C:\Program Files\Kubernetes\Minikube;C:\Program Files\Amazon\AWSCLIV2\;C:\Program Files\PuTTY\;C:\Program Files\nodejs\;C:\Program Files\maven\apache-maven-3.8.6-bin\apache-maven-3.8.6\bin;C:\WINDOWS\system32;C:\WINDOWS;C:\WINDOWS\System32\Wbem;C:\WINDOWS\System32\WindowsPowerShell\v1.0\;C:\WINDOWS\System32\OpenSSH\;C:\Program Files\Docker\Docker\resources\bin;C:\kafka-3.4.0\bin\windows;C:\Users\Comp\AppData\Roaming\LRClient;C:\Exercism;C:\Program Files\PostgreSQL\9.4\bin;C:\Users\Comp\AppData\Local\Microsoft\WindowsApps;C:\Program Files\Docker Toolbox;C:\Users\Comp\AppData\Local\Programs\Microsoft VS Code\bin;C:\Program Files\Intel\WiFi\bin\;C:\Program Files\Common Files\Intel\WirelessCommon\;C:\Users\Comp\AppData\Local\Google\Cloud SDK\google-cloud-sdk\bin;C:\Users\Comp\AppData\Roaming\npm;C:\Program Files\maven\apache-maven-3.8.6-bin\apache-maven-3.8.6\bin;C:\Program Files\Java\jdk-17.0.6\bin;C:\Users\Comp\AppData\Local\Microsoft\WinGet\Packages\Kubernetes.kubectl_Microsoft.Winget.Source_8wekyb3d8bbwe;;C:\Users\Comp\AppData\Local\Microsoft\WindowsApps
USERNAME=Comp
OS=Windows_NT
PROCESSOR_IDENTIFIER=AMD64 Family 23 Model 1 Stepping 1, AuthenticAMD



---------------  S Y S T E M  ---------------

OS:
 Windows 10 , 64 bit Build 19041 (10.0.19041.2913)
OS uptime: 0 days 1:27 hours
Hyper-V role detected

CPU: total 4 (initial active 4) (4 cores per cpu, 1 threads per core) family 23 model 1 stepping 1 microcode 0x0, cx8, cmov, fxsr, mmx, 3dnowpref, sse, sse2, sse3, ssse3, sse4a, sse4.1, sse4.2, popcnt, lzcnt, tsc, tscinvbit, avx, avx2, aes, clmul, bmi1, bmi2, adx, sha, fma, vzeroupper, clflush, clflushopt, hv

Memory: 4k page, system-wide physical 8143M (586M free)
TotalPageFile size 16143M (AvailPageFile size 105M)
current process WorkingSet (physical memory assigned to process): 10M, peak: 10M
current process commit charge ("private bytes"): 47M, peak: 174M

vm_info: Java HotSpot(TM) 64-Bit Server VM (17.0.6+9-LTS-190) for windows-amd64 JRE (17.0.6+9-LTS-190), built on Dec  6 2022 15:53:54 by "mach5one" with MS VC++ 17.1 (VS2022)

END.
