#
# There is insufficient memory for the Java Runtime Environment to continue.
# Native memory allocation (mmap) failed to map 34603008 bytes for G1 virtual space
# Possible reasons:
#   The system is out of physical RAM or swap space
#   The process is running with CompressedOops enabled, and the Java Heap may be blocking the growth of the native heap
# Possible solutions:
#   Reduce memory load on the system
#   Increase physical memory or swap space
#   Check if swap backing store is full
#   Decrease Java heap size (-Xmx/-Xms)
#   Decrease number of Java threads
#   Decrease Java thread stack sizes (-Xss)
#   Set larger code cache with -XX:ReservedCodeCacheSize=
#   JVM is running with Unscaled Compressed Oops mode in which the Java heap is
#     placed in the first 4GB address space. The Java Heap base address is the
#     maximum limit for the native heap growth. Please use -XX:HeapBaseMinAddress
#     to set the Java Heap base and to place the Java Heap above 4GB virtual address.
# This output file may be truncated or incomplete.
#
#  Out of Memory Error (os_windows.cpp:3550), pid=20424, tid=6752
#
# JRE version: Java(TM) SE Runtime Environment (17.0.6+9) (build 17.0.6+9-LTS-190)
# Java VM: Java HotSpot(TM) 64-Bit Server VM (17.0.6+9-LTS-190, mixed mode, emulated-client, sharing, tiered, compressed oops, compressed class ptrs, g1 gc, windows-amd64)
# No core dump will be written. Minidumps are not enabled by default on client versions of Windows
#

---------------  S U M M A R Y ------------

Command Line: -Dfile.encoding=UTF8 -XX:TieredStopAtLevel=1 -Dspring.output.ansi.enabled=always -Dcom.sun.management.jmxremote -Dspring.jmx.enabled=true -Dspring.liveBeansView.mbeanDomain -Dspring.application.admin.enabled=true -Dmanagement.endpoints.jmx.exposure.include=* -javaagent:C:\Program Files\JetBrains\IntelliJ IDEA 2023.1\lib\idea_rt.jar=64045:C:\Program Files\JetBrains\IntelliJ IDEA 2023.1\bin -Dfile.encoding=UTF-8 com.programmingtech.ApiGatewayApplication

Host: AMD Ryzen 3 1200 Quad-Core Processor           , 4 cores, 7G,  Windows 10 , 64 bit Build 19041 (10.0.19041.2913)
Time: Sun May 21 13:03:18 2023 RTZ 2 (s 10 , 64 bit Build 19041 (10.0.19041.2913) elapsed time: 10.346635 seconds (0d 0h 0m 10s)

---------------  T H R E A D  ---------------

Current thread (0x00000253cf28fed0):  VMThread "VM Thread" [stack: 0x000000c1b4500000,0x000000c1b4600000] [id=6752]

Stack: [0x000000c1b4500000,0x000000c1b4600000]
Native frames: (J=compiled Java code, j=interpreted, Vv=VM code, C=native code)
V  [jvm.dll+0x6734ea]
V  [jvm.dll+0x7d18f4]
V  [jvm.dll+0x7d309e]
V  [jvm.dll+0x7d3703]
V  [jvm.dll+0x2433c5]
V  [jvm.dll+0x6703f9]
V  [jvm.dll+0x664d32]
V  [jvm.dll+0x300086]
V  [jvm.dll+0x307606]
V  [jvm.dll+0x356c1e]
V  [jvm.dll+0x356e4f]
V  [jvm.dll+0x2d72e8]
V  [jvm.dll+0x2d57e5]
V  [jvm.dll+0x2d4dec]
V  [jvm.dll+0x327c6c]
V  [jvm.dll+0x7d7f0b]
V  [jvm.dll+0x7d8c44]
V  [jvm.dll+0x7d915d]
V  [jvm.dll+0x7d9534]
V  [jvm.dll+0x7d9600]
V  [jvm.dll+0x781a7a]
V  [jvm.dll+0x672375]
C  [ucrtbase.dll+0x21bb2]
C  [KERNEL32.DLL+0x17614]
C  [ntdll.dll+0x526a1]

VM_Operation (0x000000c1b3ffa9a0): CollectForMetadataAllocation, mode: safepoint, requested by thread 0x00000253bdc08a00


---------------  P R O C E S S  ---------------

Threads class SMR info:
_java_thread_list=0x00000253d03aab40, length=18, elements={
0x00000253bdc08a00, 0x00000253cf298790, 0x00000253cf299600, 0x00000253cf2b1a50,
0x00000253cf2b2600, 0x00000253cf2b44c0, 0x00000253cf2b4e70, 0x00000253cf2b58d0,
0x00000253cf2b62c0, 0x00000253cf32ead0, 0x00000253d02e04a0, 0x00000253d02e3e20,
0x00000253cfeb3780, 0x00000253d0e329c0, 0x00000253d0dd8590, 0x00000253d1614010,
0x00000253d14737b0, 0x00000253d0795050
}

Java Threads: ( => current thread )
  0x00000253bdc08a00 JavaThread "main" [_thread_blocked, id=6288, stack(0x000000c1b3f00000,0x000000c1b4000000)]
  0x00000253cf298790 JavaThread "Reference Handler" daemon [_thread_blocked, id=18052, stack(0x000000c1b4600000,0x000000c1b4700000)]
  0x00000253cf299600 JavaThread "Finalizer" daemon [_thread_blocked, id=17248, stack(0x000000c1b4700000,0x000000c1b4800000)]
  0x00000253cf2b1a50 JavaThread "Signal Dispatcher" daemon [_thread_blocked, id=19668, stack(0x000000c1b4800000,0x000000c1b4900000)]
  0x00000253cf2b2600 JavaThread "Attach Listener" daemon [_thread_blocked, id=17100, stack(0x000000c1b4900000,0x000000c1b4a00000)]
  0x00000253cf2b44c0 JavaThread "Service Thread" daemon [_thread_blocked, id=14804, stack(0x000000c1b4a00000,0x000000c1b4b00000)]
  0x00000253cf2b4e70 JavaThread "Monitor Deflation Thread" daemon [_thread_blocked, id=17912, stack(0x000000c1b4b00000,0x000000c1b4c00000)]
  0x00000253cf2b58d0 JavaThread "C1 CompilerThread0" daemon [_thread_blocked, id=19712, stack(0x000000c1b4c00000,0x000000c1b4d00000)]
  0x00000253cf2b62c0 JavaThread "Sweeper thread" daemon [_thread_blocked, id=15956, stack(0x000000c1b4d00000,0x000000c1b4e00000)]
  0x00000253cf32ead0 JavaThread "Common-Cleaner" daemon [_thread_blocked, id=14832, stack(0x000000c1b4e00000,0x000000c1b4f00000)]
  0x00000253d02e04a0 JavaThread "Monitor Ctrl-Break" daemon [_thread_in_native, id=15576, stack(0x000000c1b5100000,0x000000c1b5200000)]
  0x00000253d02e3e20 JavaThread "Notification Thread" daemon [_thread_blocked, id=18016, stack(0x000000c1b5200000,0x000000c1b5300000)]
  0x00000253cfeb3780 JavaThread "RMI TCP Accept-0" daemon [_thread_in_native, id=14292, stack(0x000000c1b5700000,0x000000c1b5800000)]
  0x00000253d0e329c0 JavaThread "RMI TCP Connection(1)-192.168.59.1" daemon [_thread_in_native, id=16276, stack(0x000000c1b5900000,0x000000c1b5a00000)]
  0x00000253d0dd8590 JavaThread "RMI Scheduler(0)" daemon [_thread_blocked, id=2284, stack(0x000000c1b5a00000,0x000000c1b5b00000)]
  0x00000253d1614010 JavaThread "boundedElastic-evictor-1" daemon [_thread_blocked, id=8128, stack(0x000000c1b5000000,0x000000c1b5100000)]
  0x00000253d14737b0 JavaThread "spring.cloud.inetutils" daemon [_thread_in_native, id=10140, stack(0x000000c1b5d00000,0x000000c1b5e00000)]
  0x00000253d0795050 JavaThread "AsyncResolver-bootstrap-0" daemon [_thread_blocked, id=10984, stack(0x000000c1b4f00000,0x000000c1b5000000)]

Other Threads:
=>0x00000253cf28fed0 VMThread "VM Thread" [stack: 0x000000c1b4500000,0x000000c1b4600000] [id=6752]
  0x00000253bdc099b0 WatcherThread [stack: 0x000000c1b5800000,0x000000c1b5900000] [id=16640]
  0x00000253bdc61a00 GCTaskThread "GC Thread#0" [stack: 0x000000c1b4000000,0x000000c1b4100000] [id=8912]
  0x00000253d0498d00 GCTaskThread "GC Thread#1" [stack: 0x000000c1b5300000,0x000000c1b5400000] [id=17292]
  0x00000253d0473b40 GCTaskThread "GC Thread#2" [stack: 0x000000c1b5400000,0x000000c1b5500000] [id=20152]
  0x00000253d05fc940 GCTaskThread "GC Thread#3" [stack: 0x000000c1b5500000,0x000000c1b5600000] [id=12832]
  0x00000253bdc727c0 ConcurrentGCThread "G1 Main Marker" [stack: 0x000000c1b4100000,0x000000c1b4200000] [id=2840]
  0x00000253bdc741e0 ConcurrentGCThread "G1 Conc#0" [stack: 0x000000c1b4200000,0x000000c1b4300000] [id=4220]
  0x00000253cf1500a0 ConcurrentGCThread "G1 Refine#0" [stack: 0x000000c1b4300000,0x000000c1b4400000] [id=3816]
  0x00000253d05fec00 ConcurrentGCThread "G1 Refine#1" [stack: 0x000000c1b5600000,0x000000c1b5700000] [id=12132]
  0x00000253cf150ac0 ConcurrentGCThread "G1 Service" [stack: 0x000000c1b4400000,0x000000c1b4500000] [id=5972]

Threads with active compile tasks:
C1 CompilerThread0    10370 4813       1       sun.security.ssl.CipherSuite::isAvailable (52 bytes)

VM state: at safepoint (normal execution)

VM Mutex/Monitor currently owned by a thread:  ([mutex/lock_event])
[0x00000253bdc03b40] Threads_lock - owner thread: 0x00000253cf28fed0
[0x00000253bdc05520] Heap_lock - owner thread: 0x00000253bdc08a00

Heap address: 0x0000000080c00000, size: 2036 MB, Compressed Oops mode: 32-bit

CDS archive(s) mapped at: [0x0000000800000000-0x0000000800bd0000-0x0000000800bd0000), size 12386304, SharedBaseAddress: 0x0000000800000000, ArchiveRelocationMode: 0.
Compressed class space mapped at: 0x0000000800c00000-0x0000000840c00000, reserved size: 1073741824
Narrow klass base: 0x0000000800000000, Narrow klass shift: 0, Narrow klass range: 0x100000000

GC Precious Log:
 CPUs: 4 total, 4 available
 Memory: 8143M
 Large Page Support: Disabled
 NUMA Support: Disabled
 Compressed Oops: Enabled (32-bit)
 Heap Region Size: 1M
 Heap Min Capacity: 8M
 Heap Initial Capacity: 128M
 Heap Max Capacity: 2036M
 Pre-touch: Disabled
 Parallel Workers: 4
 Concurrent Workers: 1
 Concurrent Refinement Workers: 4
 Periodic GC: Disabled

Heap:
 garbage-first heap   total 65536K, used 20959K [0x0000000080c00000, 0x0000000100000000)
  region size 1024K, 2 young (2048K), 2 survivors (2048K)
 Metaspace       used 35687K, committed 36096K, reserved 1081344K
  class space    used 5151K, committed 5376K, reserved 1048576K

Heap Regions: E=young(eden), S=young(survivor), O=old, HS=humongous(starts), HC=humongous(continues), CS=collection set, F=free, OA=open archive, CA=closed archive, TAMS=top-at-mark-start (previous, next)
|   0|0x0000000080c00000, 0x0000000080d00000, 0x0000000080d00000|100%| O|  |TAMS 0x0000000080d00000, 0x0000000080d00000| Untracked 
|   1|0x0000000080d00000, 0x0000000080e00000, 0x0000000080e00000|100%| O|  |TAMS 0x0000000080e00000, 0x0000000080e00000| Untracked 
|   2|0x0000000080e00000, 0x0000000080f00000, 0x0000000080f00000|100%| O|  |TAMS 0x0000000080f00000, 0x0000000080f00000| Untracked 
|   3|0x0000000080f00000, 0x0000000081000000, 0x0000000081000000|100%| O|  |TAMS 0x0000000081000000, 0x0000000081000000| Untracked 
|   4|0x0000000081000000, 0x0000000081100000, 0x0000000081100000|100%| O|  |TAMS 0x0000000081100000, 0x0000000081100000| Untracked 
|   5|0x0000000081100000, 0x0000000081200000, 0x0000000081200000|100%| O|  |TAMS 0x0000000081200000, 0x0000000081200000| Untracked 
|   6|0x0000000081200000, 0x0000000081300000, 0x0000000081300000|100%| O|  |TAMS 0x0000000081200000, 0x0000000081300000| Untracked 
|   7|0x0000000081300000, 0x0000000081400000, 0x0000000081400000|100%| O|  |TAMS 0x0000000081300000, 0x0000000081400000| Untracked 
|   8|0x0000000081400000, 0x0000000081500000, 0x0000000081500000|100%| O|  |TAMS 0x0000000081400000, 0x0000000081500000| Untracked 
|   9|0x0000000081500000, 0x0000000081600000, 0x0000000081600000|100%| O|  |TAMS 0x0000000081500000, 0x0000000081600000| Untracked 
|  10|0x0000000081600000, 0x0000000081700000, 0x0000000081700000|100%| O|  |TAMS 0x0000000081600000, 0x0000000081654c00| Untracked 
|  11|0x0000000081700000, 0x0000000081800000, 0x0000000081800000|100%| O|  |TAMS 0x0000000081700000, 0x0000000081700000| Untracked 
|  12|0x0000000081800000, 0x00000000818c6200, 0x0000000081900000| 77%| O|  |TAMS 0x0000000081800000, 0x0000000081800000| Untracked 
|  13|0x0000000081900000, 0x0000000081900000, 0x0000000081a00000|  0%| F|  |TAMS 0x0000000081900000, 0x0000000081900000| Untracked 
|  14|0x0000000081a00000, 0x0000000081a00000, 0x0000000081b00000|  0%| F|  |TAMS 0x0000000081a00000, 0x0000000081a00000| Untracked 
|  15|0x0000000081b00000, 0x0000000081b00000, 0x0000000081c00000|  0%| F|  |TAMS 0x0000000081b00000, 0x0000000081b00000| Untracked 
|  16|0x0000000081c00000, 0x0000000081c00000, 0x0000000081d00000|  0%| F|  |TAMS 0x0000000081c00000, 0x0000000081c00000| Untracked 
|  17|0x0000000081d00000, 0x0000000081e00000, 0x0000000081e00000|100%| O|  |TAMS 0x0000000081d00000, 0x0000000081e00000| Untracked 
|  18|0x0000000081e00000, 0x0000000081f00000, 0x0000000081f00000|100%| O|  |TAMS 0x0000000081e00000, 0x0000000081f00000| Untracked 
|  19|0x0000000081f00000, 0x0000000082000000, 0x0000000082000000|100%| O|  |TAMS 0x0000000081f00000, 0x0000000082000000| Untracked 
|  20|0x0000000082000000, 0x0000000082100000, 0x0000000082100000|100%| O|  |TAMS 0x0000000082000000, 0x0000000082100000| Untracked 
|  21|0x0000000082100000, 0x0000000082200000, 0x0000000082200000|100%| O|  |TAMS 0x0000000082100000, 0x0000000082200000| Untracked 
|  22|0x0000000082200000, 0x0000000082300000, 0x0000000082300000|100%| O|  |TAMS 0x0000000082200000, 0x0000000082300000| Untracked 
|  23|0x0000000082300000, 0x0000000082300000, 0x0000000082400000|  0%| F|  |TAMS 0x0000000082300000, 0x0000000082300000| Untracked 
|  24|0x0000000082400000, 0x0000000082400000, 0x0000000082500000|  0%| F|  |TAMS 0x0000000082400000, 0x0000000082400000| Untracked 
|  25|0x0000000082500000, 0x0000000082500000, 0x0000000082600000|  0%| F|  |TAMS 0x0000000082500000, 0x0000000082500000| Untracked 
|  26|0x0000000082600000, 0x0000000082600000, 0x0000000082700000|  0%| F|  |TAMS 0x0000000082600000, 0x0000000082600000| Untracked 
|  27|0x0000000082700000, 0x0000000082700000, 0x0000000082800000|  0%| F|  |TAMS 0x0000000082700000, 0x0000000082700000| Untracked 
|  28|0x0000000082800000, 0x0000000082800000, 0x0000000082900000|  0%| F|  |TAMS 0x0000000082800000, 0x0000000082800000| Untracked 
|  29|0x0000000082900000, 0x0000000082900000, 0x0000000082a00000|  0%| F|  |TAMS 0x0000000082900000, 0x0000000082900000| Untracked 
|  30|0x0000000082a00000, 0x0000000082a00000, 0x0000000082b00000|  0%| F|  |TAMS 0x0000000082a00000, 0x0000000082a00000| Untracked 
|  31|0x0000000082b00000, 0x0000000082b00000, 0x0000000082c00000|  0%| F|  |TAMS 0x0000000082b00000, 0x0000000082b00000| Untracked 
|  32|0x0000000082c00000, 0x0000000082c00000, 0x0000000082d00000|  0%| F|  |TAMS 0x0000000082c00000, 0x0000000082c00000| Untracked 
|  33|0x0000000082d00000, 0x0000000082db1d50, 0x0000000082e00000| 69%| S|CS|TAMS 0x0000000082d00000, 0x0000000082d00000| Complete 
|  34|0x0000000082e00000, 0x0000000082f00000, 0x0000000082f00000|100%| S|CS|TAMS 0x0000000082e00000, 0x0000000082e00000| Complete 
|  35|0x0000000082f00000, 0x0000000082f00000, 0x0000000083000000|  0%| F|  |TAMS 0x0000000082f00000, 0x0000000082f00000| Untracked 
|  36|0x0000000083000000, 0x0000000083000000, 0x0000000083100000|  0%| F|  |TAMS 0x0000000083000000, 0x0000000083000000| Untracked 
|  37|0x0000000083100000, 0x0000000083100000, 0x0000000083200000|  0%| F|  |TAMS 0x0000000083100000, 0x0000000083100000| Untracked 
|  38|0x0000000083200000, 0x0000000083200000, 0x0000000083300000|  0%| F|  |TAMS 0x0000000083200000, 0x0000000083200000| Untracked 
|  39|0x0000000083300000, 0x0000000083300000, 0x0000000083400000|  0%| F|  |TAMS 0x0000000083300000, 0x0000000083300000| Untracked 
|  40|0x0000000083400000, 0x0000000083400000, 0x0000000083500000|  0%| F|  |TAMS 0x0000000083400000, 0x0000000083400000| Untracked 
|  41|0x0000000083500000, 0x0000000083500000, 0x0000000083600000|  0%| F|  |TAMS 0x0000000083500000, 0x0000000083500000| Untracked 
|  42|0x0000000083600000, 0x0000000083600000, 0x0000000083700000|  0%| F|  |TAMS 0x0000000083600000, 0x0000000083600000| Untracked 
|  43|0x0000000083700000, 0x0000000083700000, 0x0000000083800000|  0%| F|  |TAMS 0x0000000083700000, 0x0000000083700000| Untracked 
|  44|0x0000000083800000, 0x0000000083800000, 0x0000000083900000|  0%| F|  |TAMS 0x0000000083800000, 0x0000000083800000| Untracked 
|  45|0x0000000083900000, 0x0000000083900000, 0x0000000083a00000|  0%| F|  |TAMS 0x0000000083900000, 0x0000000083900000| Untracked 
|  46|0x0000000083a00000, 0x0000000083a00000, 0x0000000083b00000|  0%| F|  |TAMS 0x0000000083a00000, 0x0000000083a00000| Untracked 
|  47|0x0000000083b00000, 0x0000000083b00000, 0x0000000083c00000|  0%| F|  |TAMS 0x0000000083b00000, 0x0000000083b00000| Untracked 
|  48|0x0000000083c00000, 0x0000000083c00000, 0x0000000083d00000|  0%| F|  |TAMS 0x0000000083c00000, 0x0000000083c00000| Untracked 
|  49|0x0000000083d00000, 0x0000000083d00000, 0x0000000083e00000|  0%| F|  |TAMS 0x0000000083d00000, 0x0000000083d00000| Untracked 
|  50|0x0000000083e00000, 0x0000000083e00000, 0x0000000083f00000|  0%| F|  |TAMS 0x0000000083e00000, 0x0000000083e00000| Untracked 
|  51|0x0000000083f00000, 0x0000000083f00000, 0x0000000084000000|  0%| F|  |TAMS 0x0000000083f00000, 0x0000000083f00000| Untracked 
|  52|0x0000000084000000, 0x0000000084000000, 0x0000000084100000|  0%| F|  |TAMS 0x0000000084000000, 0x0000000084000000| Untracked 
|  53|0x0000000084100000, 0x0000000084100000, 0x0000000084200000|  0%| F|  |TAMS 0x0000000084100000, 0x0000000084100000| Untracked 
|  54|0x0000000084200000, 0x0000000084200000, 0x0000000084300000|  0%| F|  |TAMS 0x0000000084200000, 0x0000000084200000| Untracked 
|  55|0x0000000084300000, 0x0000000084300000, 0x0000000084400000|  0%| F|  |TAMS 0x0000000084300000, 0x0000000084300000| Untracked 
|  56|0x0000000084400000, 0x0000000084400000, 0x0000000084500000|  0%| F|  |TAMS 0x0000000084400000, 0x0000000084400000| Untracked 
|  57|0x0000000084500000, 0x0000000084500000, 0x0000000084600000|  0%| F|  |TAMS 0x0000000084500000, 0x0000000084500000| Untracked 
|  58|0x0000000084600000, 0x0000000084600000, 0x0000000084700000|  0%| F|  |TAMS 0x0000000084600000, 0x0000000084600000| Untracked 
|  59|0x0000000084700000, 0x0000000084700000, 0x0000000084800000|  0%| F|  |TAMS 0x0000000084700000, 0x0000000084700000| Untracked 
|  60|0x0000000084800000, 0x0000000084800000, 0x0000000084900000|  0%| F|  |TAMS 0x0000000084800000, 0x0000000084800000| Untracked 
|  61|0x0000000084900000, 0x0000000084900000, 0x0000000084a00000|  0%| F|  |TAMS 0x0000000084900000, 0x0000000084900000| Untracked 
|  62|0x0000000084a00000, 0x0000000084a00000, 0x0000000084b00000|  0%| F|  |TAMS 0x0000000084a00000, 0x0000000084a00000| Untracked 
| 127|0x0000000088b00000, 0x0000000088b00000, 0x0000000088c00000|  0%| F|  |TAMS 0x0000000088b00000, 0x0000000088b00000| Untracked 

Card table byte_map: [0x00000253c8880000,0x00000253c8c80000] _byte_map_base: 0x00000253c847a000

Marking Bits (Prev, Next): (CMBitMap*) 0x00000253bdc62050, (CMBitMap*) 0x00000253bdc62010
 Prev Bits: [0x00000253cb050000, 0x00000253cd020000)
 Next Bits: [0x00000253c9080000, 0x00000253cb050000)

Polling page: 0x00000253bbb50000

Metaspace:

Usage:
  Non-class:     29.82 MB used.
      Class:      5.03 MB used.
       Both:     34.85 MB used.

Virtual space:
  Non-class space:       32.00 MB reserved,      30.00 MB ( 94%) committed,  4 nodes.
      Class space:        1.00 GB reserved,       5.25 MB ( <1%) committed,  1 nodes.
             Both:        1.03 GB reserved,      35.25 MB (  3%) committed. 

Chunk freelists:
   Non-Class:  2.00 MB
       Class:  2.80 MB
        Both:  4.80 MB

MaxMetaspaceSize: unlimited
CompressedClassSpaceSize: 1.00 GB
Initial GC threshold: 21.00 MB
Current GC threshold: 35.25 MB
CDS: on
MetaspaceReclaimPolicy: balanced
 - commit_granule_bytes: 65536.
 - commit_granule_words: 8192.
 - virtual_space_node_default_size: 1048576.
 - enlarge_chunks_in_place: 1.
 - new_chunks_are_fully_committed: 0.
 - uncommit_free_chunks: 1.
 - use_allocation_guard: 0.
 - handle_deallocations: 1.


Internal statistics:

num_allocs_failed_limit: 6.
num_arena_births: 616.
num_arena_deaths: 0.
num_vsnodes_births: 5.
num_vsnodes_deaths: 0.
num_space_committed: 564.
num_space_uncommitted: 0.
num_chunks_returned_to_freelist: 6.
num_chunks_taken_from_freelist: 1944.
num_chunk_merges: 6.
num_chunk_splits: 1300.
num_chunks_enlarged: 909.
num_purges: 0.
num_inconsistent_stats: 0.

CodeCache: size=49152Kb used=8716Kb max_used=9481Kb free=40436Kb
 bounds [0x00000253c5480000, 0x00000253c5dd0000, 0x00000253c8480000]
 total_blobs=5358 nmethods=4812 adapters=473
 compilation: enabled
              stopped_count=0, restarted_count=0
 full_count=0

Compilation events (20 events):
Event: 10.332 Thread 0x00000253cf2b58d0 nmethod 4803 0x00000253c5cb1c90 code [0x00000253c5cb1e40, 0x00000253c5cb2048]
Event: 10.332 Thread 0x00000253cf2b58d0 4804       1       java.util.regex.Pattern$NotBehind::match (137 bytes)
Event: 10.332 Thread 0x00000253cf2b58d0 nmethod 4804 0x00000253c5cb1790 code [0x00000253c5cb1940, 0x00000253c5cb1b78]
Event: 10.332 Thread 0x00000253cf2b58d0 4805       1       java.util.TreeSet::contains (11 bytes)
Event: 10.332 Thread 0x00000253cf2b58d0 nmethod 4805 0x00000253c5cb1490 code [0x00000253c5cb1620, 0x00000253c5cb1708]
Event: 10.333 Thread 0x00000253cf2b58d0 4806       1       sun.security.ssl.SSLCipher::isAvailable (5 bytes)
Event: 10.333 Thread 0x00000253cf2b58d0 nmethod 4806 0x00000253c5cb1190 code [0x00000253c5cb1320, 0x00000253c5cb13f8]
Event: 10.333 Thread 0x00000253cf2b58d0 4808       1       java.util.Arrays$ArrayList::indexOf (62 bytes)
Event: 10.334 Thread 0x00000253cf2b58d0 nmethod 4808 0x00000253c5cb0c90 code [0x00000253c5cb0e40, 0x00000253c5cb1028]
Event: 10.334 Thread 0x00000253cf2b58d0 4807       1       java.util.Arrays$ArrayList::contains (14 bytes)
Event: 10.334 Thread 0x00000253cf2b58d0 nmethod 4807 0x00000253c5cb0990 code [0x00000253c5cb0b20, 0x00000253c5cb0c08]
Event: 10.334 Thread 0x00000253cf2b58d0 4809       1       sun.security.ssl.CipherSuite::supports (11 bytes)
Event: 10.334 Thread 0x00000253cf2b58d0 nmethod 4809 0x00000253c5cb0690 code [0x00000253c5cb0820, 0x00000253c5cb0908]
Event: 10.334 Thread 0x00000253cf2b58d0 4810       1       sun.security.util.DisabledAlgorithmConstraints::permits (70 bytes)
Event: 10.334 Thread 0x00000253cf2b58d0 nmethod 4810 0x00000253c5caff90 code [0x00000253c5cb0180, 0x00000253c5cb04e8]
Event: 10.334 Thread 0x00000253cf2b58d0 4811   !   1       sun.security.util.DisabledAlgorithmConstraints::cachedCheckAlgorithm (116 bytes)
Event: 10.335 Thread 0x00000253cf2b58d0 nmethod 4811 0x00000253c5caf410 code [0x00000253c5caf600, 0x00000253c5cafcc8]
Event: 10.335 Thread 0x00000253cf2b58d0 4812       1       sun.security.ssl.SSLAlgorithmConstraints::permits (96 bytes)
Event: 10.335 Thread 0x00000253cf2b58d0 nmethod 4812 0x00000253c5caef10 code [0x00000253c5caf0e0, 0x00000253c5caf2f8]
Event: 10.335 Thread 0x00000253cf2b58d0 4813       1       sun.security.ssl.CipherSuite::isAvailable (52 bytes)

GC Heap History (19 events):
Event: 0.598 GC heap before
{Heap before GC invocations=0 (full 0):
 garbage-first heap   total 131072K, used 13312K [0x0000000080c00000, 0x0000000100000000)
  region size 1024K, 13 young (13312K), 0 survivors (0K)
 Metaspace       used 3780K, committed 3904K, reserved 1056768K
  class space    used 459K, committed 512K, reserved 1048576K
}
Event: 0.603 GC heap after
{Heap after GC invocations=1 (full 0):
 garbage-first heap   total 131072K, used 6134K [0x0000000080c00000, 0x0000000100000000)
  region size 1024K, 2 young (2048K), 2 survivors (2048K)
 Metaspace       used 3780K, committed 3904K, reserved 1056768K
  class space    used 459K, committed 512K, reserved 1048576K
}
Event: 0.914 GC heap before
{Heap before GC invocations=1 (full 0):
 garbage-first heap   total 131072K, used 15350K [0x0000000080c00000, 0x0000000100000000)
  region size 1024K, 12 young (12288K), 2 survivors (2048K)
 Metaspace       used 7107K, committed 7232K, reserved 1056768K
  class space    used 908K, committed 960K, reserved 1048576K
}
Event: 0.916 GC heap after
{Heap after GC invocations=2 (full 0):
 garbage-first heap   total 131072K, used 7382K [0x0000000080c00000, 0x0000000100000000)
  region size 1024K, 2 young (2048K), 2 survivors (2048K)
 Metaspace       used 7107K, committed 7232K, reserved 1056768K
  class space    used 908K, committed 960K, reserved 1048576K
}
Event: 2.789 GC heap before
{Heap before GC invocations=2 (full 0):
 garbage-first heap   total 131072K, used 28886K [0x0000000080c00000, 0x0000000100000000)
  region size 1024K, 23 young (23552K), 2 survivors (2048K)
 Metaspace       used 11800K, committed 12096K, reserved 1064960K
  class space    used 1622K, committed 1792K, reserved 1048576K
}
Event: 2.793 GC heap after
{Heap after GC invocations=3 (full 0):
 garbage-first heap   total 131072K, used 9308K [0x0000000080c00000, 0x0000000100000000)
  region size 1024K, 3 young (3072K), 3 survivors (3072K)
 Metaspace       used 11800K, committed 12096K, reserved 1064960K
  class space    used 1622K, committed 1792K, reserved 1048576K
}
Event: 3.541 GC heap before
{Heap before GC invocations=3 (full 0):
 garbage-first heap   total 131072K, used 70748K [0x0000000080c00000, 0x0000000100000000)
  region size 1024K, 65 young (66560K), 3 survivors (3072K)
 Metaspace       used 21252K, committed 21504K, reserved 1073152K
  class space    used 2935K, committed 3072K, reserved 1048576K
}
Event: 3.550 GC heap after
{Heap after GC invocations=4 (full 0):
 garbage-first heap   total 131072K, used 13374K [0x0000000080c00000, 0x0000000100000000)
  region size 1024K, 7 young (7168K), 7 survivors (7168K)
 Metaspace       used 21252K, committed 21504K, reserved 1073152K
  class space    used 2935K, committed 3072K, reserved 1048576K
}
Event: 4.189 GC heap before
{Heap before GC invocations=5 (full 0):
 garbage-first heap   total 51200K, used 37950K [0x0000000080c00000, 0x0000000100000000)
  region size 1024K, 33 young (33792K), 7 survivors (7168K)
 Metaspace       used 25257K, committed 25664K, reserved 1073152K
  class space    used 3594K, committed 3776K, reserved 1048576K
}
Event: 4.204 GC heap after
{Heap after GC invocations=6 (full 0):
 garbage-first heap   total 51200K, used 15735K [0x0000000080c00000, 0x0000000100000000)
  region size 1024K, 7 young (7168K), 7 survivors (7168K)
 Metaspace       used 25257K, committed 25664K, reserved 1073152K
  class space    used 3594K, committed 3776K, reserved 1048576K
}
Event: 4.224 GC heap before
{Heap before GC invocations=6 (full 0):
 garbage-first heap   total 51200K, used 16759K [0x0000000080c00000, 0x0000000100000000)
  region size 1024K, 8 young (8192K), 7 survivors (7168K)
 Metaspace       used 25358K, committed 25728K, reserved 1073152K
  class space    used 3617K, committed 3776K, reserved 1048576K
}
Event: 4.232 GC heap after
{Heap after GC invocations=7 (full 0):
 garbage-first heap   total 51200K, used 15984K [0x0000000080c00000, 0x0000000100000000)
  region size 1024K, 1 young (1024K), 1 survivors (1024K)
 Metaspace       used 25358K, committed 25728K, reserved 1073152K
  class space    used 3617K, committed 3776K, reserved 1048576K
}
Event: 6.085 GC heap before
{Heap before GC invocations=7 (full 0):
 garbage-first heap   total 51200K, used 34416K [0x0000000080c00000, 0x0000000100000000)
  region size 1024K, 20 young (20480K), 1 survivors (1024K)
 Metaspace       used 28191K, committed 28672K, reserved 1073152K
  class space    used 4003K, committed 4224K, reserved 1048576K
}
Event: 6.094 GC heap after
{Heap after GC invocations=8 (full 0):
 garbage-first heap   total 51200K, used 16600K [0x0000000080c00000, 0x0000000100000000)
  region size 1024K, 2 young (2048K), 2 survivors (2048K)
 Metaspace       used 28191K, committed 28672K, reserved 1073152K
  class space    used 4003K, committed 4224K, reserved 1048576K
}
Event: 6.547 GC heap before
{Heap before GC invocations=8 (full 0):
 garbage-first heap   total 51200K, used 36056K [0x0000000080c00000, 0x0000000100000000)
  region size 1024K, 21 young (21504K), 2 survivors (2048K)
 Metaspace       used 30547K, committed 30976K, reserved 1081344K
  class space    used 4382K, committed 4608K, reserved 1048576K
}
Event: 6.553 GC heap after
{Heap after GC invocations=9 (full 0):
 garbage-first heap   total 51200K, used 17866K [0x0000000080c00000, 0x0000000100000000)
  region size 1024K, 3 young (3072K), 3 survivors (3072K)
 Metaspace       used 30547K, committed 30976K, reserved 1081344K
  class space    used 4382K, committed 4608K, reserved 1048576K
}
Event: 7.011 GC heap before
{Heap before GC invocations=9 (full 0):
 garbage-first heap   total 51200K, used 38346K [0x0000000080c00000, 0x0000000100000000)
  region size 1024K, 23 young (23552K), 3 survivors (3072K)
 Metaspace       used 32988K, committed 33408K, reserved 1081344K
  class space    used 4756K, committed 4928K, reserved 1048576K
}
Event: 7.019 GC heap after
{Heap after GC invocations=10 (full 0):
 garbage-first heap   total 51200K, used 19419K [0x0000000080c00000, 0x0000000100000000)
  region size 1024K, 3 young (3072K), 3 survivors (3072K)
 Metaspace       used 32988K, committed 33408K, reserved 1081344K
  class space    used 4756K, committed 4928K, reserved 1048576K
}
Event: 10.335 GC heap before
{Heap before GC invocations=10 (full 0):
 garbage-first heap   total 51200K, used 33755K [0x0000000080c00000, 0x0000000100000000)
  region size 1024K, 18 young (18432K), 3 survivors (3072K)
 Metaspace       used 35687K, committed 36096K, reserved 1081344K
  class space    used 5151K, committed 5376K, reserved 1048576K
}

Deoptimization events (4 events):
Event: 2.875 Thread 0x00000253bdc08a00 DEOPT PACKING pc=0x00000253c592c899 sp=0x000000c1b3ffd2f0
Event: 2.875 Thread 0x00000253bdc08a00 DEOPT UNPACKING pc=0x00000253c54d2b43 sp=0x000000c1b3ffc7d0 mode 3
Event: 8.547 Thread 0x00000253bdc08a00 DEOPT PACKING pc=0x00000253c580691c sp=0x000000c1b3ffd420
Event: 8.547 Thread 0x00000253bdc08a00 DEOPT UNPACKING pc=0x00000253c54d2b43 sp=0x000000c1b3ffc8f0 mode 0

Classes unloaded (0 events):
No events

Classes redefined (0 events):
No events

Internal exceptions (20 events):
Event: 6.216 Thread 0x00000253bdc08a00 Exception <a 'java/lang/NoSuchMethodError'{0x00000000846ec8a0}: 'java.lang.Object java.lang.invoke.DirectMethodHandle$Holder.invokeStaticInit(java.lang.Object, java.lang.Object, int)'> (0x00000000846ec8a0) 
thrown [s\open\src\hotspot\share\interpreter\linkResolver.cpp, line 759]
Event: 6.339 Thread 0x00000253bdc08a00 Exception <a 'java/lang/NoSuchMethodError'{0x0000000083242128}: 'int java.lang.invoke.DirectMethodHandle$Holder.invokeStatic(java.lang.Object, int, java.lang.Object)'> (0x0000000083242128) 
thrown [s\open\src\hotspot\share\interpreter\linkResolver.cpp, line 759]
Event: 6.387 Thread 0x00000253bdc08a00 Exception <a 'java/lang/NoSuchMethodError'{0x0000000083044750}: 'java.lang.Object java.lang.invoke.DirectMethodHandle$Holder.invokeSpecial(java.lang.Object, java.lang.Object, long, java.lang.Object, java.lang.Object, java.lang.Object, java.lang.Object, int, java.lang.Object)'> (0x0000000083044750) 
thrown [s\open\src\hotspot\share\interpreter\linkResolver.cpp, line 759]
Event: 6.388 Thread 0x00000253bdc08a00 Exception <a 'java/lang/NoSuchMethodError'{0x0000000083049198}: 'java.lang.Object java.lang.invoke.DelegatingMethodHandle$Holder.reinvoke_L(java.lang.Object, long, java.lang.Object, java.lang.Object, java.lang.Object, java.lang.Object, int, java.lang.Object)'> (0x0000000083049198) 
thrown [s\open\src\hotspot\share\interpreter\linkResolver.cpp, line 759]
Event: 6.485 Thread 0x00000253bdc08a00 Exception <a 'java/lang/NoSuchMethodError'{0x0000000082d9e4c0}: 'int java.lang.invoke.DirectMethodHandle$Holder.invokeStatic(java.lang.Object)'> (0x0000000082d9e4c0) 
thrown [s\open\src\hotspot\share\interpreter\linkResolver.cpp, line 759]
Event: 6.485 Thread 0x00000253bdc08a00 Exception <a 'java/lang/NoSuchMethodError'{0x0000000082da1b68}: 'int java.lang.invoke.DirectMethodHandle$Holder.invokeStaticInit(java.lang.Object)'> (0x0000000082da1b68) 
thrown [s\open\src\hotspot\share\interpreter\linkResolver.cpp, line 759]
Event: 6.574 Thread 0x00000253bdc08a00 Exception <a 'java/lang/NoSuchMethodError'{0x0000000088bfb180}: 'void java.lang.invoke.DirectMethodHandle$Holder.invokeVirtual(java.lang.Object, java.lang.Object, int)'> (0x0000000088bfb180) 
thrown [s\open\src\hotspot\share\interpreter\linkResolver.cpp, line 759]
Event: 6.576 Thread 0x00000253bdc08a00 Exception <a 'java/lang/NoSuchMethodError'{0x0000000084a113f8}: 'void java.lang.invoke.DirectMethodHandle$Holder.invokeVirtual(java.lang.Object, java.lang.Object, long)'> (0x0000000084a113f8) 
thrown [s\open\src\hotspot\share\interpreter\linkResolver.cpp, line 759]
Event: 6.698 Thread 0x00000253d0e329c0 Exception <a 'java/lang/reflect/InvocationTargetException'{0x000000008451dc70}> (0x000000008451dc70) 
thrown [s\open\src\hotspot\share\runtime\reflection.cpp, line 1121]
Event: 6.742 Thread 0x00000253bdc08a00 Exception <a 'java/lang/IncompatibleClassChangeError'{0x00000000835aecc8}: Found class java.lang.Object, but interface was expected> (0x00000000835aecc8) 
thrown [s\open\src\hotspot\share\interpreter\linkResolver.cpp, line 826]
Event: 6.776 Thread 0x00000253bdc08a00 Exception <a 'java/lang/IncompatibleClassChangeError'{0x00000000834fb8a8}: Found class java.lang.Object, but interface was expected> (0x00000000834fb8a8) 
thrown [s\open\src\hotspot\share\interpreter\linkResolver.cpp, line 826]
Event: 6.817 Thread 0x00000253bdc08a00 Exception <a 'java/lang/IncompatibleClassChangeError'{0x0000000083296bf0}: Found class java.lang.Object, but interface was expected> (0x0000000083296bf0) 
thrown [s\open\src\hotspot\share\interpreter\linkResolver.cpp, line 826]
Event: 6.853 Thread 0x00000253bdc08a00 Exception <a 'java/lang/IncompatibleClassChangeError'{0x00000000830411a8}: Found class java.lang.Object, but interface was expected> (0x00000000830411a8) 
thrown [s\open\src\hotspot\share\interpreter\linkResolver.cpp, line 826]
Event: 10.110 Thread 0x00000253bdc08a00 Exception <a 'java/lang/NoSuchMethodError'{0x000000008454f610}: 'int java.lang.invoke.DirectMethodHandle$Holder.invokeInterface(java.lang.Object, java.lang.Object, java.lang.Object, java.lang.Object)'> (0x000000008454f610) 
thrown [s\open\src\hotspot\share\interpreter\linkResolver.cpp, line 759]
Event: 10.143 Thread 0x00000253bdc08a00 Exception <a 'java/lang/NoSuchMethodError'{0x000000008445bd90}: 'java.lang.Object java.lang.invoke.DirectMethodHandle$Holder.newInvokeSpecial(java.lang.Object, java.lang.Object, int, java.lang.Object, java.lang.Object)'> (0x000000008445bd90) 
thrown [s\open\src\hotspot\share\interpreter\linkResolver.cpp, line 759]
Event: 10.144 Thread 0x00000253bdc08a00 Exception <a 'java/lang/NoSuchMethodError'{0x00000000844673f8}: 'java.lang.Object java.lang.invoke.DirectMethodHandle$Holder.invokeSpecial(java.lang.Object, java.lang.Object, int, java.lang.Object, int, java.lang.Object)'> (0x00000000844673f8) 
thrown [s\open\src\hotspot\share\interpreter\linkResolver.cpp, line 759]
Event: 10.144 Thread 0x00000253bdc08a00 Exception <a 'java/lang/NoSuchMethodError'{0x000000008446f200}: 'java.lang.Object java.lang.invoke.DirectMethodHandle$Holder.newInvokeSpecial(java.lang.Object, java.lang.Object, int, java.lang.Object, int)'> (0x000000008446f200) 
thrown [s\open\src\hotspot\share\interpreter\linkResolver.cpp, line 759]
Event: 10.144 Thread 0x00000253bdc08a00 Exception <a 'java/lang/NoSuchMethodError'{0x0000000084473300}: 'java.lang.Object java.lang.invoke.DirectMethodHandle$Holder.invokeSpecial(java.lang.Object, java.lang.Object, java.lang.Object, int, java.lang.Object, int)'> (0x0000000084473300) 
thrown [s\open\src\hotspot\share\interpreter\linkResolver.cpp, line 759]
Event: 10.301 Thread 0x00000253bdc08a00 Exception <a 'sun/nio/fs/WindowsException'{0x00000000830ae718}> (0x00000000830ae718) 
thrown [s\open\src\hotspot\share\prims\jni.cpp, line 516]
Event: 10.309 Thread 0x00000253bdc08a00 Exception <a 'java/lang/NoSuchMethodError'{0x00000000830cf5e0}: 'int java.lang.invoke.DirectMethodHandle$Holder.invokeStaticInit(java.lang.Object, java.lang.Object, java.lang.Object, java.lang.Object)'> (0x00000000830cf5e0) 
thrown [s\open\src\hotspot\share\interpreter\linkResolver.cpp, line 759]

VM Operations (20 events):
Event: 6.828 Executing VM operation: HandshakeAllThreads done
Event: 7.010 Executing VM operation: G1CollectForAllocation
Event: 7.019 Executing VM operation: G1CollectForAllocation done
Event: 8.024 Executing VM operation: Cleanup
Event: 8.024 Executing VM operation: Cleanup done
Event: 8.547 Executing VM operation: HandshakeAllThreads
Event: 8.547 Executing VM operation: HandshakeAllThreads done
Event: 8.548 Executing VM operation: HandshakeAllThreads
Event: 8.548 Executing VM operation: HandshakeAllThreads done
Event: 9.547 Executing VM operation: Cleanup
Event: 9.547 Executing VM operation: Cleanup done
Event: 10.122 Executing VM operation: HandshakeAllThreads
Event: 10.122 Executing VM operation: HandshakeAllThreads done
Event: 10.224 Executing VM operation: HandshakeAllThreads
Event: 10.224 Executing VM operation: HandshakeAllThreads done
Event: 10.280 Executing VM operation: HandshakeAllThreads
Event: 10.280 Executing VM operation: HandshakeAllThreads done
Event: 10.302 Executing VM operation: HandshakeAllThreads
Event: 10.302 Executing VM operation: HandshakeAllThreads done
Event: 10.335 Executing VM operation: CollectForMetadataAllocation

Events (20 events):
Event: 10.331 loading class sun/security/util/ECParameters
Event: 10.331 loading class sun/security/util/ECParameters done
Event: 10.331 loading class sun/security/util/ECKeySizeParameterSpec
Event: 10.331 loading class sun/security/util/ECKeySizeParameterSpec done
Event: 10.331 loading class java/security/spec/ECGenParameterSpec
Event: 10.331 loading class java/security/spec/NamedParameterSpec
Event: 10.331 loading class java/security/spec/NamedParameterSpec done
Event: 10.331 loading class java/security/spec/ECGenParameterSpec done
Event: 10.331 loading class java/security/KeyPairGenerator$Delegate
Event: 10.331 loading class java/security/KeyPairGenerator$Delegate done
Event: 10.334 loading class sun/security/ssl/SSLContextImpl$CustomizedSSLProtocols
Event: 10.334 loading class sun/security/ssl/SSLContextImpl$CustomizedSSLProtocols done
Event: 10.334 loading class sun/security/ssl/EphemeralKeyManager
Event: 10.335 loading class sun/security/ssl/EphemeralKeyManager done
Event: 10.335 loading class sun/security/ssl/EphemeralKeyManager$EphemeralKeyPair
Event: 10.335 loading class sun/security/ssl/EphemeralKeyManager$EphemeralKeyPair done
Event: 10.335 loading class sun/security/ssl/SSLSessionContextImpl
Event: 10.335 loading class javax/net/ssl/SSLSessionContext
Event: 10.335 loading class javax/net/ssl/SSLSessionContext done
Event: 10.335 loading class sun/security/ssl/SSLSessionContextImpl done


Dynamic libraries:
0x00007ff7f9990000 - 0x00007ff7f99a0000 	C:\Program Files\Java\jdk-17.0.6\bin\java.exe
0x00007ff9d8ed0000 - 0x00007ff9d90c8000 	C:\WINDOWS\SYSTEM32\ntdll.dll
0x00007ff9d6f20000 - 0x00007ff9d6fdf000 	C:\WINDOWS\System32\KERNEL32.DLL
0x00007ff9d6790000 - 0x00007ff9d6a86000 	C:\WINDOWS\System32\KERNELBASE.dll
0x00007ff9d6b30000 - 0x00007ff9d6c30000 	C:\WINDOWS\System32\ucrtbase.dll
0x00007ff9cf9c0000 - 0x00007ff9cf9d8000 	C:\Program Files\Java\jdk-17.0.6\bin\jli.dll
0x00007ff9d84b0000 - 0x00007ff9d855f000 	C:\WINDOWS\System32\ADVAPI32.dll
0x00007ff9ae4b0000 - 0x00007ff9ae4cb000 	C:\Program Files\Java\jdk-17.0.6\bin\VCRUNTIME140.dll
0x00007ff9d75c0000 - 0x00007ff9d765e000 	C:\WINDOWS\System32\msvcrt.dll
0x00007ff9d8ae0000 - 0x00007ff9d8b7c000 	C:\WINDOWS\System32\sechost.dll
0x00007ff9d8c20000 - 0x00007ff9d8d46000 	C:\WINDOWS\System32\RPCRT4.dll
0x00007ff9d71e0000 - 0x00007ff9d737d000 	C:\WINDOWS\System32\USER32.dll
0x00007ff9c0840000 - 0x00007ff9c0ada000 	C:\WINDOWS\WinSxS\amd64_microsoft.windows.common-controls_6595b64144ccf1df_6.0.19041.1110_none_60b5254171f9507e\COMCTL32.dll
0x00007ff9d6610000 - 0x00007ff9d6632000 	C:\WINDOWS\System32\win32u.dll
0x00007ff9d8ab0000 - 0x00007ff9d8adc000 	C:\WINDOWS\System32\GDI32.dll
0x00007ff9d6640000 - 0x00007ff9d6755000 	C:\WINDOWS\System32\gdi32full.dll
0x00007ff9d6a90000 - 0x00007ff9d6b2d000 	C:\WINDOWS\System32\msvcp_win.dll
0x00007ff9d0c20000 - 0x00007ff9d0c2a000 	C:\WINDOWS\SYSTEM32\VERSION.dll
0x00007ff9d8bf0000 - 0x00007ff9d8c20000 	C:\WINDOWS\System32\IMM32.DLL
0x00007ff9d0790000 - 0x00007ff9d079c000 	C:\Program Files\Java\jdk-17.0.6\bin\vcruntime140_1.dll
0x00007ff9a34c0000 - 0x00007ff9a354e000 	C:\Program Files\Java\jdk-17.0.6\bin\msvcp140.dll
0x00007ff9845c0000 - 0x00007ff985197000 	C:\Program Files\Java\jdk-17.0.6\bin\server\jvm.dll
0x00007ff9d84a0000 - 0x00007ff9d84a8000 	C:\WINDOWS\System32\PSAPI.DLL
0x00007ff9b7cb0000 - 0x00007ff9b7cb9000 	C:\WINDOWS\SYSTEM32\WSOCK32.dll
0x00007ff9d8b80000 - 0x00007ff9d8beb000 	C:\WINDOWS\System32\WS2_32.dll
0x00007ff9ce290000 - 0x00007ff9ce2b7000 	C:\WINDOWS\SYSTEM32\WINMM.dll
0x00007ff9d4420000 - 0x00007ff9d4432000 	C:\WINDOWS\SYSTEM32\kernel.appcore.dll
0x00007ff9c8600000 - 0x00007ff9c860a000 	C:\Program Files\Java\jdk-17.0.6\bin\jimage.dll
0x00007ff9c7d40000 - 0x00007ff9c7f24000 	C:\WINDOWS\SYSTEM32\DBGHELP.DLL
0x00007ff9c7ba0000 - 0x00007ff9c7bd4000 	C:\WINDOWS\SYSTEM32\dbgcore.DLL
0x00007ff9d6580000 - 0x00007ff9d6602000 	C:\WINDOWS\System32\bcryptPrimitives.dll
0x00007ff9d07a0000 - 0x00007ff9d07ae000 	C:\Program Files\Java\jdk-17.0.6\bin\instrument.dll
0x00007ff9a26b0000 - 0x00007ff9a26d5000 	C:\Program Files\Java\jdk-17.0.6\bin\java.dll
0x00007ff9844e0000 - 0x00007ff9845b7000 	C:\Program Files\Java\jdk-17.0.6\bin\jsvml.dll
0x00007ff9d7710000 - 0x00007ff9d7e54000 	C:\WINDOWS\System32\SHELL32.dll
0x00007ff9d4620000 - 0x00007ff9d4db3000 	C:\WINDOWS\SYSTEM32\windows.storage.dll
0x00007ff9d7e60000 - 0x00007ff9d81b4000 	C:\WINDOWS\System32\combase.dll
0x00007ff9d5e90000 - 0x00007ff9d5ebe000 	C:\WINDOWS\SYSTEM32\Wldp.dll
0x00007ff9d7660000 - 0x00007ff9d770d000 	C:\WINDOWS\System32\SHCORE.dll
0x00007ff9d7040000 - 0x00007ff9d7095000 	C:\WINDOWS\System32\shlwapi.dll
0x00007ff9d64c0000 - 0x00007ff9d64df000 	C:\WINDOWS\SYSTEM32\profapi.dll
0x00007ff9a1720000 - 0x00007ff9a1738000 	C:\Program Files\Java\jdk-17.0.6\bin\zip.dll
0x00007ff9ad320000 - 0x00007ff9ad339000 	C:\Program Files\Java\jdk-17.0.6\bin\net.dll
0x00007ff9cd760000 - 0x00007ff9cd86a000 	C:\WINDOWS\SYSTEM32\WINHTTP.dll
0x00007ff9d5c00000 - 0x00007ff9d5c6a000 	C:\WINDOWS\system32\mswsock.dll
0x00007ff9a25e0000 - 0x00007ff9a25f6000 	C:\Program Files\Java\jdk-17.0.6\bin\nio.dll
0x00007ff9c8660000 - 0x00007ff9c867a000 	C:\Program Files\JetBrains\IntelliJ IDEA 2023.1\bin\breakgen64.dll
0x00007ff9d5950000 - 0x00007ff9d5a1b000 	C:\WINDOWS\SYSTEM32\DNSAPI.dll
0x00007ff9d5910000 - 0x00007ff9d594c000 	C:\WINDOWS\SYSTEM32\IPHLPAPI.DLL
0x00007ff9d70a0000 - 0x00007ff9d70a8000 	C:\WINDOWS\System32\NSI.dll
0x00007ff9caca0000 - 0x00007ff9cacaa000 	C:\Windows\System32\rasadhlp.dll
0x00007ff9cc1b0000 - 0x00007ff9cc232000 	C:\WINDOWS\System32\fwpuclnt.dll
0x00007ff9d6760000 - 0x00007ff9d6787000 	C:\WINDOWS\System32\bcrypt.dll
0x00007ff9d07c0000 - 0x00007ff9d07ca000 	C:\Program Files\Java\jdk-17.0.6\bin\management.dll
0x00007ff9d07b0000 - 0x00007ff9d07bb000 	C:\Program Files\Java\jdk-17.0.6\bin\management_ext.dll
0x00007ff9d61d0000 - 0x00007ff9d61e8000 	C:\WINDOWS\SYSTEM32\CRYPTSP.dll
0x00007ff9d5540000 - 0x00007ff9d5574000 	C:\WINDOWS\system32\rsaenh.dll
0x00007ff9d6480000 - 0x00007ff9d64ae000 	C:\WINDOWS\SYSTEM32\USERENV.dll
0x00007ff9d5d90000 - 0x00007ff9d5d9c000 	C:\WINDOWS\SYSTEM32\CRYPTBASE.dll
0x00007ff9cc180000 - 0x00007ff9cc197000 	C:\WINDOWS\SYSTEM32\dhcpcsvc6.DLL
0x00007ff9cc160000 - 0x00007ff9cc17d000 	C:\WINDOWS\SYSTEM32\dhcpcsvc.DLL
0x00007ff9b52a0000 - 0x00007ff9b52b7000 	C:\WINDOWS\system32\napinsp.dll
0x00007ff9b5280000 - 0x00007ff9b529b000 	C:\WINDOWS\system32\pnrpnsp.dll
0x00007ff9c57c0000 - 0x00007ff9c57d5000 	C:\WINDOWS\system32\wshbth.dll
0x00007ff9d1ee0000 - 0x00007ff9d1efd000 	C:\WINDOWS\system32\NLAapi.dll
0x00007ff9b4230000 - 0x00007ff9b4242000 	C:\WINDOWS\System32\winrnr.dll
0x00007ff9d2020000 - 0x00007ff9d202d000 	C:\Program Files\Java\jdk-17.0.6\bin\sunmscapi.dll
0x00007ff9d6cf0000 - 0x00007ff9d6e4e000 	C:\WINDOWS\System32\CRYPT32.dll
0x00007ff9d5f00000 - 0x00007ff9d5f28000 	C:\WINDOWS\SYSTEM32\ncrypt.dll
0x00007ff9d5ec0000 - 0x00007ff9d5efb000 	C:\WINDOWS\SYSTEM32\NTASN1.dll

dbghelp: loaded successfully - version: 4.0.5 - missing functions: none
symbol engine: initialized successfully - sym options: 0x614 - pdb path: .;C:\Program Files\Java\jdk-17.0.6\bin;C:\WINDOWS\SYSTEM32;C:\WINDOWS\WinSxS\amd64_microsoft.windows.common-controls_6595b64144ccf1df_6.0.19041.1110_none_60b5254171f9507e;C:\Program Files\Java\jdk-17.0.6\bin\server;C:\Program Files\JetBrains\IntelliJ IDEA 2023.1\bin

VM Arguments:
jvm_args: -Dfile.encoding=UTF8 -XX:TieredStopAtLevel=1 -Dspring.output.ansi.enabled=always -Dcom.sun.management.jmxremote -Dspring.jmx.enabled=true -Dspring.liveBeansView.mbeanDomain -Dspring.application.admin.enabled=true -Dmanagement.endpoints.jmx.exposure.include=* -javaagent:C:\Program Files\JetBrains\IntelliJ IDEA 2023.1\lib\idea_rt.jar=64045:C:\Program Files\JetBrains\IntelliJ IDEA 2023.1\bin -Dfile.encoding=UTF-8 
java_command: com.programmingtech.ApiGatewayApplication
java_class_path (initial): C:\project\microservices-program\api-gateway\target\classes;C:\Users\Comp\.m2\repository\org\springframework\cloud\spring-cloud-starter-gateway\4.0.4\spring-cloud-starter-gateway-4.0.4.jar;C:\Users\Comp\.m2\repository\org\springframework\cloud\spring-cloud-starter\4.0.2\spring-cloud-starter-4.0.2.jar;C:\Users\Comp\.m2\repository\org\springframework\boot\spring-boot-starter\3.0.5\spring-boot-starter-3.0.5.jar;C:\Users\Comp\.m2\repository\org\springframework\boot\spring-boot\3.0.5\spring-boot-3.0.5.jar;C:\Users\Comp\.m2\repository\org\springframework\spring-context\6.0.7\spring-context-6.0.7.jar;C:\Users\Comp\.m2\repository\org\springframework\spring-aop\6.0.7\spring-aop-6.0.7.jar;C:\Users\Comp\.m2\repository\org\springframework\spring-expression\6.0.7\spring-expression-6.0.7.jar;C:\Users\Comp\.m2\repository\org\springframework\boot\spring-boot-autoconfigure\3.0.5\spring-boot-autoconfigure-3.0.5.jar;C:\Users\Comp\.m2\repository\org\springframework\boot\spring-boot-starter-logging\3.0.5\spring-boot-starter-logging-3.0.5.jar;C:\Users\Comp\.m2\repository\ch\qos\logback\logback-classic\1.4.6\logback-classic-1.4.6.jar;C:\Users\Comp\.m2\repository\ch\qos\logback\logback-core\1.4.6\logback-core-1.4.6.jar;C:\Users\Comp\.m2\repository\org\apache\logging\log4j\log4j-to-slf4j\2.19.0\log4j-to-slf4j-2.19.0.jar;C:\Users\Comp\.m2\repository\org\apache\logging\log4j\log4j-api\2.19.0\log4j-api-2.19.0.jar;C:\Users\Comp\.m2\repository\org\slf4j\jul-to-slf4j\2.0.7\jul-to-slf4j-2.0.7.jar;C:\Users\Comp\.m2\repository\org\springframework\spring-core\6.0.7\spring-core-6.0.7.jar;C:\Users\Comp\.m2\repository\org\springframework\spring-jcl\6.0.7\spring-jcl-6.0.7.jar;C:\Users\Comp\.m2\repository\org\yaml\snakeyaml\1.33\snakeyaml-1.33.jar;C:\Users\Comp\.m2\repository\org\springframework\cloud\spring-cloud-context\4.0.2\spring-cloud-context-4.0.2.jar;C:\Users\Comp\.m2\repository\org\springframework\security\spring-security-crypto\6.0.2\spring-security-crypto-6.0.2.jar;
Launcher Type: SUN_STANDARD

[Global flags]
     intx CICompilerCount                          = 3                                         {product} {ergonomic}
     uint ConcGCThreads                            = 1                                         {product} {ergonomic}
     uint G1ConcRefinementThreads                  = 4                                         {product} {ergonomic}
   size_t G1HeapRegionSize                         = 1048576                                   {product} {ergonomic}
    uintx GCDrainStackTargetSize                   = 64                                        {product} {ergonomic}
   size_t InitialHeapSize                          = 134217728                                 {product} {ergonomic}
     bool ManagementServer                         = true                                      {product} {command line}
   size_t MarkStackSize                            = 4194304                                   {product} {ergonomic}
   size_t MaxHeapSize                              = 2134900736                                {product} {ergonomic}
   size_t MaxNewSize                               = 1280311296                                {product} {ergonomic}
   size_t MinHeapDeltaBytes                        = 1048576                                   {product} {ergonomic}
   size_t MinHeapSize                              = 8388608                                   {product} {ergonomic}
    uintx NonProfiledCodeHeapSize                  = 0                                      {pd product} {ergonomic}
     bool ProfileInterpreter                       = false                                  {pd product} {command line}
    uintx ProfiledCodeHeapSize                     = 0                                      {pd product} {ergonomic}
   size_t SoftMaxHeapSize                          = 2134900736                             {manageable} {ergonomic}
     intx TieredStopAtLevel                        = 1                                         {product} {command line}
     bool UseCompressedClassPointers               = true                           {product lp64_product} {ergonomic}
     bool UseCompressedOops                        = true                           {product lp64_product} {ergonomic}
     bool UseG1GC                                  = true                                      {product} {ergonomic}
     bool UseLargePagesIndividualAllocation        = false                                  {pd product} {ergonomic}

Logging:
Log output configuration:
 #0: stdout all=warning uptime,level,tags
 #1: stderr all=off uptime,level,tags

Environment Variables:
JAVA_HOME=C:\Program Files\Java\jdk-17.0.6
JAVA_TOOL_OPTIONS=-Dfile.encoding=UTF8
PATH=C:\ProgramData\Oracle\Java\javapath;C:\Program Files (x86)\AMD APP\bin\x86_64;C:\Program Files (x86)\AMD APP\bin\x86;C:\WINDOWS\system32;C:\WINDOWS;C:\WINDOWS\System32\Wbem;C:\WINDOWS\System32\WindowsPowerShell\v1.0\;C:\Program Files\Java\jdk-17.0.6;C:\Program Files (x86)\ATI Technologies\ATI.ACE\Core-Static;C:\Program Files (x86)\AMD\ATI.ACE\Core-Static;C:\PostgreSQL\pg96\bin;C:\ProgramData\chocolatey\lib\gradle\tools\gradle-5.6.2\bin;C:\ProgramData\chocolatey\bin;C:\Program Files\Git\cmd;C:\WINDOWS\System32\OpenSSH\;C:\Program Files\Redis;C:\Program Files\Intel\WiFi\bin\;C:\Program Files\Common Files\Intel\WirelessCommon\;C:\Program Files\Kubernetes\Minikube;C:\Program Files\Amazon\AWSCLIV2\;C:\Program Files\PuTTY\;C:\Program Files\nodejs\;C:\Program Files\maven\apache-maven-3.8.6-bin\apache-maven-3.8.6\bin;C:\WINDOWS\system32;C:\WINDOWS;C:\WINDOWS\System32\Wbem;C:\WINDOWS\System32\WindowsPowerShell\v1.0\;C:\WINDOWS\System32\OpenSSH\;C:\Program Files\Docker\Docker\resources\bin;C:\kafka-3.4.0\bin\windows;C:\Users\Comp\AppData\Roaming\LRClient;C:\Exercism;C:\Program Files\PostgreSQL\9.4\bin;C:\Users\Comp\AppData\Local\Microsoft\WindowsApps;C:\Program Files\Docker Toolbox;C:\Users\Comp\AppData\Local\Programs\Microsoft VS Code\bin;C:\Program Files\Intel\WiFi\bin\;C:\Program Files\Common Files\Intel\WirelessCommon\;C:\Users\Comp\AppData\Local\Google\Cloud SDK\google-cloud-sdk\bin;C:\Users\Comp\AppData\Roaming\npm;C:\Program Files\maven\apache-maven-3.8.6-bin\apache-maven-3.8.6\bin;C:\Program Files\Java\jdk-17.0.6\bin;C:\Users\Comp\AppData\Local\Microsoft\WinGet\Packages\Kubernetes.kubectl_Microsoft.Winget.Source_8wekyb3d8bbwe;;C:\Users\Comp\AppData\Local\Microsoft\WindowsApps
USERNAME=Comp
OS=Windows_NT
PROCESSOR_IDENTIFIER=AMD64 Family 23 Model 1 Stepping 1, AuthenticAMD



---------------  S Y S T E M  ---------------

OS:
 Windows 10 , 64 bit Build 19041 (10.0.19041.2913)
OS uptime: 0 days 3:09 hours
Hyper-V role detected

CPU: total 4 (initial active 4) (4 cores per cpu, 1 threads per core) family 23 model 1 stepping 1 microcode 0x0, cx8, cmov, fxsr, mmx, 3dnowpref, sse, sse2, sse3, ssse3, sse4a, sse4.1, sse4.2, popcnt, lzcnt, tsc, tscinvbit, avx, avx2, aes, clmul, bmi1, bmi2, adx, sha, fma, vzeroupper, clflush, clflushopt, hv

Memory: 4k page, system-wide physical 8143M (2067M free)
TotalPageFile size 16143M (AvailPageFile size 34M)
current process WorkingSet (physical memory assigned to process): 114M, peak: 152M
current process commit charge ("private bytes"): 195M, peak: 240M

vm_info: Java HotSpot(TM) 64-Bit Server VM (17.0.6+9-LTS-190) for windows-amd64 JRE (17.0.6+9-LTS-190), built on Dec  6 2022 15:53:54 by "mach5one" with MS VC++ 17.1 (VS2022)

END.
