#
# There is insufficient memory for the Java Runtime Environment to continue.
# Native memory allocation (mmap) failed to map 65536 bytes for Failed to commit metaspace.
# Possible reasons:
#   The system is out of physical RAM or swap space
#   The process is running with CompressedOops enabled, and the Java Heap may be blocking the growth of the native heap
# Possible solutions:
#   Reduce memory load on the system
#   Increase physical memory or swap space
#   Check if swap backing store is full
#   Decrease Java heap size (-Xmx/-Xms)
#   Decrease number of Java threads
#   Decrease Java thread stack sizes (-Xss)
#   Set larger code cache with -XX:ReservedCodeCacheSize=
#   JVM is running with Unscaled Compressed Oops mode in which the Java heap is
#     placed in the first 4GB address space. The Java Heap base address is the
#     maximum limit for the native heap growth. Please use -XX:HeapBaseMinAddress
#     to set the Java Heap base and to place the Java Heap above 4GB virtual address.
# This output file may be truncated or incomplete.
#
#  Out of Memory Error (virtualSpaceNode.cpp:110), pid=18160, tid=14852
#
# JRE version: Java(TM) SE Runtime Environment (17.0.6+9) (build 17.0.6+9-LTS-190)
# Java VM: Java HotSpot(TM) 64-Bit Server VM (17.0.6+9-LTS-190, mixed mode, emulated-client, sharing, tiered, compressed oops, compressed class ptrs, g1 gc, windows-amd64)
# No core dump will be written. Minidumps are not enabled by default on client versions of Windows
#

---------------  S U M M A R Y ------------

Command Line: -Dfile.encoding=UTF8 -XX:TieredStopAtLevel=1 -Dspring.output.ansi.enabled=always -Dcom.sun.management.jmxremote -Dspring.jmx.enabled=true -Dspring.liveBeansView.mbeanDomain -Dspring.application.admin.enabled=true -Dmanagement.endpoints.jmx.exposure.include=* -javaagent:C:\Program Files\JetBrains\IntelliJ IDEA 2023.1\lib\idea_rt.jar=58759:C:\Program Files\JetBrains\IntelliJ IDEA 2023.1\bin -Dfile.encoding=UTF-8 com.programmingtech.orderservice.OrderServiceApplication

Host: AMD Ryzen 3 1200 Quad-Core Processor           , 4 cores, 7G,  Windows 10 , 64 bit Build 19041 (10.0.19041.2913)
Time: Sun May 21 10:01:48 2023 RTZ 2 (s 10 , 64 bit Build 19041 (10.0.19041.2913) elapsed time: 23.612090 seconds (0d 0h 0m 23s)

---------------  T H R E A D  ---------------

Current thread (0x00000249f46f0ad0):  JavaThread "main" [_thread_in_vm, id=14852, stack(0x00000062d1700000,0x00000062d1800000)]

Stack: [0x00000062d1700000,0x00000062d1800000]
Native frames: (J=compiled Java code, j=interpreted, Vv=VM code, C=native code)
V  [jvm.dll+0x6734ea]
V  [jvm.dll+0x7d18f4]
V  [jvm.dll+0x7d309e]
V  [jvm.dll+0x7d3703]
V  [jvm.dll+0x2433c5]
V  [jvm.dll+0x7cd9fb]
V  [jvm.dll+0x619546]
V  [jvm.dll+0x1bdf07]
V  [jvm.dll+0x61bea0]
V  [jvm.dll+0x619f06]
V  [jvm.dll+0x238f21]
V  [jvm.dll+0x1e8437]
V  [jvm.dll+0x1de0d1]
V  [jvm.dll+0x5399dc]
V  [jvm.dll+0x74c638]
V  [jvm.dll+0x74c724]
V  [jvm.dll+0x4080bf]
V  [jvm.dll+0x40e0d9]
C  [java.dll+0x17ec]

Java frames: (J=compiled Java code, j=interpreted, Vv=VM code)
J 1168  java.lang.ClassLoader.defineClass1(Ljava/lang/ClassLoader;Ljava/lang/String;[BIILjava/security/ProtectionDomain;Ljava/lang/String;)Ljava/lang/Class; java.base@17.0.6 (0 bytes) @ 0x000002498034f363 [0x000002498034f2a0+0x00000000000000c3]
J 1254 c1 java.lang.ClassLoader.defineClass(Ljava/lang/String;[BIILjava/security/ProtectionDomain;)Ljava/lang/Class; java.base@17.0.6 (43 bytes) @ 0x000002498036d0dc [0x000002498036cfe0+0x00000000000000fc]
J 1172 c1 jdk.internal.loader.BuiltinClassLoader.defineClass(Ljava/lang/String;Ljdk/internal/loader/Resource;)Ljava/lang/Class; java.base@17.0.6 (121 bytes) @ 0x0000024980351864 [0x00000249803513a0+0x00000000000004c4]
J 1170 c1 jdk.internal.loader.BuiltinClassLoader.findClassOnClassPathOrNull(Ljava/lang/String;)Ljava/lang/Class; java.base@17.0.6 (64 bytes) @ 0x000002498034fe34 [0x000002498034fb80+0x00000000000002b4]
J 1024 c1 jdk.internal.loader.BuiltinClassLoader.loadClassOrNull(Ljava/lang/String;Z)Ljava/lang/Class; java.base@17.0.6 (143 bytes) @ 0x000002498030c85c [0x000002498030c400+0x000000000000045c]
J 1099 c1 jdk.internal.loader.ClassLoaders$AppClassLoader.loadClass(Ljava/lang/String;Z)Ljava/lang/Class; java.base@17.0.6 (40 bytes) @ 0x00000249803348a4 [0x0000024980334760+0x0000000000000144]
J 1098 c1 java.lang.ClassLoader.loadClass(Ljava/lang/String;)Ljava/lang/Class; java.base@17.0.6 (7 bytes) @ 0x0000024980334064 [0x0000024980334020+0x0000000000000044]
v  ~StubRoutines::call_stub
j  org.hibernate.cfg.annotations.TableBinder.bind()Lorg/hibernate/mapping/Table;+49
j  org.hibernate.cfg.annotations.CollectionBinder.handleOwnedManyToMany(Lorg/hibernate/mapping/Collection;[Lorg/hibernate/cfg/AnnotatedJoinColumn;Lorg/hibernate/cfg/annotations/TableBinder;Lorg/hibernate/annotations/common/reflection/XProperty;Lorg/hibernate/boot/spi/MetadataBuildingContext;Lorg/hibernate/mapping/PersistentClass;Z)V+252
j  org.hibernate.cfg.annotations.CollectionBinder.bindManyToManySecondPass(Lorg/hibernate/mapping/Collection;Ljava/util/Map;[Lorg/hibernate/cfg/AnnotatedJoinColumn;[Lorg/hibernate/cfg/AnnotatedJoinColumn;[Lorg/hibernate/cfg/AnnotatedColumn;ZLorg/hibernate/annotations/common/reflection/XClass;Lorg/hibernate/annotations/NotFoundAction;ZZLorg/hibernate/cfg/annotations/TableBinder;Lorg/hibernate/annotations/common/reflection/XProperty;Lorg/hibernate/cfg/PropertyHolder;Lorg/hibernate/boot/spi/MetadataBuildingContext;)V+135
j  org.hibernate.cfg.annotations.CollectionBinder.bindStarToManySecondPass(Ljava/util/Map;Lorg/hibernate/annotations/common/reflection/XClass;[Lorg/hibernate/cfg/AnnotatedJoinColumn;[Lorg/hibernate/cfg/AnnotatedJoinColumn;[Lorg/hibernate/cfg/AnnotatedJoinColumn;[Lorg/hibernate/cfg/AnnotatedColumn;ZLorg/hibernate/annotations/common/reflection/XProperty;ZLorg/hibernate/cfg/annotations/TableBinder;Lorg/hibernate/annotations/NotFoundAction;Lorg/hibernate/boot/spi/MetadataBuildingContext;)Z+205
j  org.hibernate.cfg.annotations.CollectionBinder$1.secondPass(Ljava/util/Map;)V+49
j  org.hibernate.cfg.CollectionSecondPass.doSecondPass(Ljava/util/Map;)V+30
j  org.hibernate.boot.internal.InFlightMetadataCollectorImpl.processSecondPasses(Ljava/util/ArrayList;)V+34
j  org.hibernate.boot.internal.InFlightMetadataCollectorImpl.processSecondPasses(Lorg/hibernate/boot/spi/MetadataBuildingContext;)V+76
j  org.hibernate.boot.model.process.spi.MetadataBuildingProcess.complete(Lorg/hibernate/boot/model/process/spi/ManagedResources;Lorg/hibernate/boot/spi/BootstrapContext;Lorg/hibernate/boot/spi/MetadataBuildingOptions;)Lorg/hibernate/boot/spi/MetadataImplementor;+255
j  org.hibernate.jpa.boot.internal.EntityManagerFactoryBuilderImpl.metadata()Lorg/hibernate/boot/spi/MetadataImplementor;+30
j  org.hibernate.jpa.boot.internal.EntityManagerFactoryBuilderImpl.build()Ljakarta/persistence/EntityManagerFactory;+3
j  org.springframework.orm.jpa.vendor.SpringHibernateJpaPersistenceProvider.createContainerEntityManagerFactory(Ljakarta/persistence/spi/PersistenceUnitInfo;Ljava/util/Map;)Ljakarta/persistence/EntityManagerFactory;+59
j  org.springframework.orm.jpa.LocalContainerEntityManagerFactoryBean.createNativeEntityManagerFactory()Ljakarta/persistence/EntityManagerFactory;+111
j  org.springframework.orm.jpa.AbstractEntityManagerFactoryBean.buildNativeEntityManagerFactory()Ljakarta/persistence/EntityManagerFactory;+1
j  org.springframework.orm.jpa.AbstractEntityManagerFactoryBean.afterPropertiesSet()V+192
j  org.springframework.orm.jpa.LocalContainerEntityManagerFactoryBean.afterPropertiesSet()V+84
j  org.springframework.beans.factory.support.AbstractAutowireCapableBeanFactory.invokeInitMethods(Ljava/lang/String;Ljava/lang/Object;Lorg/springframework/beans/factory/support/RootBeanDefinition;)V+56
j  org.springframework.beans.factory.support.AbstractAutowireCapableBeanFactory.initializeBean(Ljava/lang/String;Ljava/lang/Object;Lorg/springframework/beans/factory/support/RootBeanDefinition;)Ljava/lang/Object;+34
j  org.springframework.beans.factory.support.AbstractAutowireCapableBeanFactory.doCreateBean(Ljava/lang/String;Lorg/springframework/beans/factory/support/RootBeanDefinition;[Ljava/lang/Object;)Ljava/lang/Object;+228
j  org.springframework.beans.factory.support.AbstractAutowireCapableBeanFactory.createBean(Ljava/lang/String;Lorg/springframework/beans/factory/support/RootBeanDefinition;[Ljava/lang/Object;)Ljava/lang/Object;+153
j  org.springframework.beans.factory.support.AbstractBeanFactory.lambda$doGetBean$0(Ljava/lang/String;Lorg/springframework/beans/factory/support/RootBeanDefinition;[Ljava/lang/Object;)Ljava/lang/Object;+4
j  org.springframework.beans.factory.support.AbstractBeanFactory$$Lambda$350+0x0000000800de72a0.getObject()Ljava/lang/Object;+16
j  org.springframework.beans.factory.support.DefaultSingletonBeanRegistry.getSingleton(Ljava/lang/String;Lorg/springframework/beans/factory/ObjectFactory;)Ljava/lang/Object;+114
J 2944 c1 org.springframework.beans.factory.support.AbstractBeanFactory.doGetBean(Ljava/lang/String;Ljava/lang/Class;[Ljava/lang/Object;Z)Ljava/lang/Object; (714 bytes) @ 0x00000249806afa8c [0x00000249806af460+0x000000000000062c]
j  org.springframework.beans.factory.support.AbstractBeanFactory.getBean(Ljava/lang/String;)Ljava/lang/Object;+5
j  org.springframework.context.support.AbstractApplicationContext.getBean(Ljava/lang/String;)Ljava/lang/Object;+9
j  org.springframework.context.support.AbstractApplicationContext.finishBeanFactoryInitialization(Lorg/springframework/beans/factory/config/ConfigurableListableBeanFactory;)V+106
j  org.springframework.context.support.AbstractApplicationContext.refresh()V+86
j  org.springframework.boot.web.servlet.context.ServletWebServerApplicationContext.refresh()V+1
j  org.springframework.boot.SpringApplication.refresh(Lorg/springframework/context/ConfigurableApplicationContext;)V+1
j  org.springframework.boot.SpringApplication.refreshContext(Lorg/springframework/context/ConfigurableApplicationContext;)V+16
j  org.springframework.boot.SpringApplication.run([Ljava/lang/String;)Lorg/springframework/context/ConfigurableApplicationContext;+101
j  org.springframework.boot.SpringApplication.run([Ljava/lang/Class;[Ljava/lang/String;)Lorg/springframework/context/ConfigurableApplicationContext;+9
j  org.springframework.boot.SpringApplication.run(Ljava/lang/Class;[Ljava/lang/String;)Lorg/springframework/context/ConfigurableApplicationContext;+9
j  com.programmingtech.orderservice.OrderServiceApplication.main([Ljava/lang/String;)V+3
v  ~StubRoutines::call_stub

---------------  P R O C E S S  ---------------

Threads class SMR info:
_java_thread_list=0x000002498c6bbfa0, length=22, elements={
0x00000249f46f0ad0, 0x00000249fee3ecc0, 0x00000249fee3fb30, 0x00000249fee5ddb0,
0x00000249fee5e760, 0x00000249fee5f110, 0x00000249fee5fac0, 0x00000249fee60520,
0x00000249fee61ac0, 0x00000249fee2ae50, 0x00000249893e9d90, 0x00000249893ea260,
0x0000024989538fa0, 0x000002498a82b040, 0x000002498a8b5090, 0x000002498a8b5fe0,
0x000002498c473420, 0x000002498c408090, 0x000002498c496130, 0x000002498c494920,
0x000002498c496ad0, 0x000002498c496fa0
}

Java Threads: ( => current thread )
=>0x00000249f46f0ad0 JavaThread "main" [_thread_in_vm, id=14852, stack(0x00000062d1700000,0x00000062d1800000)]
  0x00000249fee3ecc0 JavaThread "Reference Handler" daemon [_thread_blocked, id=17272, stack(0x00000062d1e00000,0x00000062d1f00000)]
  0x00000249fee3fb30 JavaThread "Finalizer" daemon [_thread_blocked, id=17816, stack(0x00000062d1f00000,0x00000062d2000000)]
  0x00000249fee5ddb0 JavaThread "Signal Dispatcher" daemon [_thread_blocked, id=14104, stack(0x00000062d2000000,0x00000062d2100000)]
  0x00000249fee5e760 JavaThread "Attach Listener" daemon [_thread_blocked, id=17296, stack(0x00000062d2100000,0x00000062d2200000)]
  0x00000249fee5f110 JavaThread "Service Thread" daemon [_thread_blocked, id=16460, stack(0x00000062d2200000,0x00000062d2300000)]
  0x00000249fee5fac0 JavaThread "Monitor Deflation Thread" daemon [_thread_blocked, id=17920, stack(0x00000062d2300000,0x00000062d2400000)]
  0x00000249fee60520 JavaThread "C1 CompilerThread0" daemon [_thread_blocked, id=12976, stack(0x00000062d2400000,0x00000062d2500000)]
  0x00000249fee61ac0 JavaThread "Sweeper thread" daemon [_thread_blocked, id=15740, stack(0x00000062d2500000,0x00000062d2600000)]
  0x00000249fee2ae50 JavaThread "Common-Cleaner" daemon [_thread_blocked, id=5224, stack(0x00000062d2600000,0x00000062d2700000)]
  0x00000249893e9d90 JavaThread "Monitor Ctrl-Break" daemon [_thread_in_native, id=15692, stack(0x00000062d2800000,0x00000062d2900000)]
  0x00000249893ea260 JavaThread "Notification Thread" daemon [_thread_blocked, id=18056, stack(0x00000062d2900000,0x00000062d2a00000)]
  0x0000024989538fa0 JavaThread "RMI TCP Accept-0" daemon [_thread_in_native, id=17496, stack(0x00000062d2d00000,0x00000062d2e00000)]
  0x000002498a82b040 JavaThread "boundedElastic-evictor-1" daemon [_thread_blocked, id=5344, stack(0x00000062d2f00000,0x00000062d3000000)]
  0x000002498a8b5090 JavaThread "Catalina-utility-1" [_thread_blocked, id=15264, stack(0x00000062d3000000,0x00000062d3100000)]
  0x000002498a8b5fe0 JavaThread "Catalina-utility-2" [_thread_blocked, id=15908, stack(0x00000062d3200000,0x00000062d3300000)]
  0x000002498c473420 JavaThread "container-0" [_thread_blocked, id=4032, stack(0x00000062d3300000,0x00000062d3400000)]
  0x000002498c408090 JavaThread "mysql-cj-abandoned-connection-cleanup" daemon [_thread_blocked, id=5980, stack(0x00000062d3400000,0x00000062d3500000)]
  0x000002498c496130 JavaThread "RMI TCP Connection(1)-192.168.59.1" daemon [_thread_in_native, id=20468, stack(0x00000062d2700000,0x00000062d2800000)]
  0x000002498c494920 JavaThread "RMI Scheduler(0)" daemon [_thread_blocked, id=12144, stack(0x00000062d3500000,0x00000062d3600000)]
  0x000002498c496ad0 JavaThread "HikariPool-1 housekeeper" daemon [_thread_blocked, id=19660, stack(0x00000062d3600000,0x00000062d3700000)]
  0x000002498c496fa0 JavaThread "HikariPool-1 connection adder" daemon [_thread_in_vm, id=19708, stack(0x00000062d3700000,0x00000062d3800000)]

Other Threads:
  0x00000249fee3a0f0 VMThread "VM Thread" [stack: 0x00000062d1d00000,0x00000062d1e00000] [id=14840]
  0x000002498951c810 WatcherThread [stack: 0x00000062d2e00000,0x00000062d2f00000] [id=18132]
  0x00000249f474a3c0 GCTaskThread "GC Thread#0" [stack: 0x00000062d1800000,0x00000062d1900000] [id=12768]
  0x000002498947c940 GCTaskThread "GC Thread#1" [stack: 0x00000062d2a00000,0x00000062d2b00000] [id=15556]
  0x000002498948a800 GCTaskThread "GC Thread#2" [stack: 0x00000062d2b00000,0x00000062d2c00000] [id=12892]
  0x00000249894a0800 GCTaskThread "GC Thread#3" [stack: 0x00000062d2c00000,0x00000062d2d00000] [id=18068]
  0x00000249f475b180 ConcurrentGCThread "G1 Main Marker" [stack: 0x00000062d1900000,0x00000062d1a00000] [id=12972]
  0x00000249f475bb90 ConcurrentGCThread "G1 Conc#0" [stack: 0x00000062d1a00000,0x00000062d1b00000] [id=8684]
  0x00000249f47ae810 ConcurrentGCThread "G1 Refine#0" [stack: 0x00000062d1b00000,0x00000062d1c00000] [id=17780]
  0x00000249fecf5480 ConcurrentGCThread "G1 Service" [stack: 0x00000062d1c00000,0x00000062d1d00000] [id=18176]

Threads with active compile tasks:

VM state: not at safepoint (normal execution)

VM Mutex/Monitor currently owned by a thread:  ([mutex/lock_event])
[0x00000249f46ea910] Metaspace_lock - owner thread: 0x00000249f46f0ad0

Heap address: 0x0000000080c00000, size: 2036 MB, Compressed Oops mode: 32-bit

CDS archive(s) mapped at: [0x0000000800000000-0x0000000800bd0000-0x0000000800bd0000), size 12386304, SharedBaseAddress: 0x0000000800000000, ArchiveRelocationMode: 0.
Compressed class space mapped at: 0x0000000800c00000-0x0000000840c00000, reserved size: 1073741824
Narrow klass base: 0x0000000800000000, Narrow klass shift: 0, Narrow klass range: 0x100000000

GC Precious Log:
 CPUs: 4 total, 4 available
 Memory: 8143M
 Large Page Support: Disabled
 NUMA Support: Disabled
 Compressed Oops: Enabled (32-bit)
 Heap Region Size: 1M
 Heap Min Capacity: 8M
 Heap Initial Capacity: 128M
 Heap Max Capacity: 2036M
 Pre-touch: Disabled
 Parallel Workers: 4
 Concurrent Workers: 1
 Concurrent Refinement Workers: 4
 Periodic GC: Disabled

Heap:
 garbage-first heap   total 96256K, used 36028K [0x0000000080c00000, 0x0000000100000000)
  region size 1024K, 13 young (13312K), 7 survivors (7168K)
 Metaspace       used 54237K, committed 54720K, reserved 1097728K
  class space    used 7578K, committed 7808K, reserved 1048576K

Heap Regions: E=young(eden), S=young(survivor), O=old, HS=humongous(starts), HC=humongous(continues), CS=collection set, F=free, OA=open archive, CA=closed archive, TAMS=top-at-mark-start (previous, next)
|   0|0x0000000080c00000, 0x0000000080d00000, 0x0000000080d00000|100%|HS|  |TAMS 0x0000000080d00000, 0x0000000080c00000| Complete 
|   1|0x0000000080d00000, 0x0000000080e00000, 0x0000000080e00000|100%| O|  |TAMS 0x0000000080e00000, 0x0000000080d00000| Untracked 
|   2|0x0000000080e00000, 0x0000000080f00000, 0x0000000080f00000|100%| O|  |TAMS 0x0000000080f00000, 0x0000000080e00000| Untracked 
|   3|0x0000000080f00000, 0x0000000081000000, 0x0000000081000000|100%| O|  |TAMS 0x0000000081000000, 0x0000000080f00000| Untracked 
|   4|0x0000000081000000, 0x0000000081100000, 0x0000000081100000|100%| O|  |TAMS 0x0000000081100000, 0x0000000081000000| Untracked 
|   5|0x0000000081100000, 0x0000000081200000, 0x0000000081200000|100%| O|  |TAMS 0x0000000081200000, 0x0000000081100000| Untracked 
|   6|0x0000000081200000, 0x0000000081300000, 0x0000000081300000|100%| O|  |TAMS 0x0000000081300000, 0x0000000081200000| Untracked 
|   7|0x0000000081300000, 0x0000000081400000, 0x0000000081400000|100%| O|  |TAMS 0x0000000081400000, 0x0000000081300000| Untracked 
|   8|0x0000000081400000, 0x0000000081500000, 0x0000000081500000|100%| O|  |TAMS 0x0000000081500000, 0x0000000081400000| Untracked 
|   9|0x0000000081500000, 0x0000000081600000, 0x0000000081600000|100%| O|  |TAMS 0x0000000081600000, 0x0000000081500000| Untracked 
|  10|0x0000000081600000, 0x0000000081700000, 0x0000000081700000|100%| O|  |TAMS 0x0000000081700000, 0x0000000081600000| Untracked 
|  11|0x0000000081700000, 0x0000000081800000, 0x0000000081800000|100%| O|  |TAMS 0x0000000081800000, 0x0000000081700000| Untracked 
|  12|0x0000000081800000, 0x0000000081900000, 0x0000000081900000|100%| O|  |TAMS 0x0000000081900000, 0x0000000081800000| Untracked 
|  13|0x0000000081900000, 0x0000000081a00000, 0x0000000081a00000|100%| O|  |TAMS 0x0000000081a00000, 0x0000000081900000| Untracked 
|  14|0x0000000081a00000, 0x0000000081b00000, 0x0000000081b00000|100%| O|  |TAMS 0x0000000081b00000, 0x0000000081a00000| Untracked 
|  15|0x0000000081b00000, 0x0000000081c00000, 0x0000000081c00000|100%| O|  |TAMS 0x0000000081c00000, 0x0000000081b00000| Untracked 
|  16|0x0000000081c00000, 0x0000000081d00000, 0x0000000081d00000|100%| O|  |TAMS 0x0000000081d00000, 0x0000000081c00000| Untracked 
|  17|0x0000000081d00000, 0x0000000081e00000, 0x0000000081e00000|100%| O|  |TAMS 0x0000000081e00000, 0x0000000081d00000| Untracked 
|  18|0x0000000081e00000, 0x0000000081f00000, 0x0000000081f00000|100%| O|  |TAMS 0x0000000081f00000, 0x0000000081e00000| Untracked 
|  19|0x0000000081f00000, 0x0000000082000000, 0x0000000082000000|100%| O|  |TAMS 0x0000000082000000, 0x0000000081f00000| Untracked 
|  20|0x0000000082000000, 0x0000000082100000, 0x0000000082100000|100%| O|  |TAMS 0x0000000082100000, 0x0000000082000000| Untracked 
|  21|0x0000000082100000, 0x0000000082200000, 0x0000000082200000|100%| O|  |TAMS 0x0000000082200000, 0x0000000082100000| Untracked 
|  22|0x0000000082200000, 0x000000008226c600, 0x0000000082300000| 42%| O|  |TAMS 0x000000008226c600, 0x0000000082200000| Untracked 
|  23|0x0000000082300000, 0x0000000082400000, 0x0000000082400000|100%| O|  |TAMS 0x0000000082300000, 0x0000000082300000| Untracked 
|  24|0x0000000082400000, 0x0000000082492600, 0x0000000082500000| 57%| O|  |TAMS 0x0000000082400000, 0x0000000082400000| Untracked 
|  25|0x0000000082500000, 0x0000000082500000, 0x0000000082600000|  0%| F|  |TAMS 0x0000000082500000, 0x0000000082500000| Untracked 
|  26|0x0000000082600000, 0x0000000082600000, 0x0000000082700000|  0%| F|  |TAMS 0x0000000082600000, 0x0000000082600000| Untracked 
|  27|0x0000000082700000, 0x0000000082700000, 0x0000000082800000|  0%| F|  |TAMS 0x0000000082700000, 0x0000000082700000| Untracked 
|  28|0x0000000082800000, 0x0000000082800000, 0x0000000082900000|  0%| F|  |TAMS 0x0000000082800000, 0x0000000082800000| Untracked 
|  29|0x0000000082900000, 0x0000000082900000, 0x0000000082a00000|  0%| F|  |TAMS 0x0000000082900000, 0x0000000082900000| Untracked 
|  30|0x0000000082a00000, 0x0000000082a00000, 0x0000000082b00000|  0%| F|  |TAMS 0x0000000082a00000, 0x0000000082a00000| Untracked 
|  31|0x0000000082b00000, 0x0000000082b00000, 0x0000000082c00000|  0%| F|  |TAMS 0x0000000082b00000, 0x0000000082b00000| Untracked 
|  32|0x0000000082c00000, 0x0000000082c00000, 0x0000000082d00000|  0%| F|  |TAMS 0x0000000082c00000, 0x0000000082c00000| Untracked 
|  33|0x0000000082d00000, 0x0000000082d00000, 0x0000000082e00000|  0%| F|  |TAMS 0x0000000082d00000, 0x0000000082d00000| Untracked 
|  34|0x0000000082e00000, 0x0000000082e00000, 0x0000000082f00000|  0%| F|  |TAMS 0x0000000082e00000, 0x0000000082e00000| Untracked 
|  35|0x0000000082f00000, 0x0000000082f00000, 0x0000000083000000|  0%| F|  |TAMS 0x0000000082f00000, 0x0000000082f00000| Untracked 
|  36|0x0000000083000000, 0x0000000083000000, 0x0000000083100000|  0%| F|  |TAMS 0x0000000083000000, 0x0000000083000000| Untracked 
|  37|0x0000000083100000, 0x0000000083100000, 0x0000000083200000|  0%| F|  |TAMS 0x0000000083100000, 0x0000000083100000| Untracked 
|  38|0x0000000083200000, 0x0000000083200000, 0x0000000083300000|  0%| F|  |TAMS 0x0000000083200000, 0x0000000083200000| Untracked 
|  39|0x0000000083300000, 0x0000000083300000, 0x0000000083400000|  0%| F|  |TAMS 0x0000000083300000, 0x0000000083300000| Untracked 
|  40|0x0000000083400000, 0x0000000083430498, 0x0000000083500000| 18%| S|CS|TAMS 0x0000000083400000, 0x0000000083400000| Complete 
|  41|0x0000000083500000, 0x0000000083600000, 0x0000000083600000|100%| S|CS|TAMS 0x0000000083500000, 0x0000000083500000| Complete 
|  42|0x0000000083600000, 0x0000000083700000, 0x0000000083700000|100%| S|CS|TAMS 0x0000000083600000, 0x0000000083600000| Complete 
|  43|0x0000000083700000, 0x0000000083800000, 0x0000000083800000|100%| S|CS|TAMS 0x0000000083700000, 0x0000000083700000| Complete 
|  44|0x0000000083800000, 0x0000000083900000, 0x0000000083900000|100%| S|CS|TAMS 0x0000000083800000, 0x0000000083800000| Complete 
|  45|0x0000000083900000, 0x0000000083a00000, 0x0000000083a00000|100%| S|CS|TAMS 0x0000000083900000, 0x0000000083900000| Complete 
|  46|0x0000000083a00000, 0x0000000083b00000, 0x0000000083b00000|100%| S|CS|TAMS 0x0000000083a00000, 0x0000000083a00000| Complete 
|  47|0x0000000083b00000, 0x0000000083b00000, 0x0000000083c00000|  0%| F|  |TAMS 0x0000000083b00000, 0x0000000083b00000| Untracked 
|  48|0x0000000083c00000, 0x0000000083c00000, 0x0000000083d00000|  0%| F|  |TAMS 0x0000000083c00000, 0x0000000083c00000| Untracked 
|  49|0x0000000083d00000, 0x0000000083d00000, 0x0000000083e00000|  0%| F|  |TAMS 0x0000000083d00000, 0x0000000083d00000| Untracked 
|  50|0x0000000083e00000, 0x0000000083e00000, 0x0000000083f00000|  0%| F|  |TAMS 0x0000000083e00000, 0x0000000083e00000| Untracked 
|  51|0x0000000083f00000, 0x0000000083f00000, 0x0000000084000000|  0%| F|  |TAMS 0x0000000083f00000, 0x0000000083f00000| Untracked 
|  52|0x0000000084000000, 0x0000000084000000, 0x0000000084100000|  0%| F|  |TAMS 0x0000000084000000, 0x0000000084000000| Untracked 
|  53|0x0000000084100000, 0x0000000084100000, 0x0000000084200000|  0%| F|  |TAMS 0x0000000084100000, 0x0000000084100000| Untracked 
|  54|0x0000000084200000, 0x0000000084200000, 0x0000000084300000|  0%| F|  |TAMS 0x0000000084200000, 0x0000000084200000| Untracked 
|  55|0x0000000084300000, 0x0000000084300000, 0x0000000084400000|  0%| F|  |TAMS 0x0000000084300000, 0x0000000084300000| Untracked 
|  56|0x0000000084400000, 0x0000000084400000, 0x0000000084500000|  0%| F|  |TAMS 0x0000000084400000, 0x0000000084400000| Untracked 
|  57|0x0000000084500000, 0x0000000084500000, 0x0000000084600000|  0%| F|  |TAMS 0x0000000084500000, 0x0000000084500000| Untracked 
|  58|0x0000000084600000, 0x0000000084600000, 0x0000000084700000|  0%| F|  |TAMS 0x0000000084600000, 0x0000000084600000| Untracked 
|  59|0x0000000084700000, 0x0000000084700000, 0x0000000084800000|  0%| F|  |TAMS 0x0000000084700000, 0x0000000084700000| Untracked 
|  60|0x0000000084800000, 0x0000000084800000, 0x0000000084900000|  0%| F|  |TAMS 0x0000000084800000, 0x0000000084800000| Untracked 
|  61|0x0000000084900000, 0x0000000084900000, 0x0000000084a00000|  0%| F|  |TAMS 0x0000000084900000, 0x0000000084900000| Untracked 
|  62|0x0000000084a00000, 0x0000000084a00000, 0x0000000084b00000|  0%| F|  |TAMS 0x0000000084a00000, 0x0000000084a00000| Untracked 
|  63|0x0000000084b00000, 0x0000000084b00000, 0x0000000084c00000|  0%| F|  |TAMS 0x0000000084b00000, 0x0000000084b00000| Untracked 
|  64|0x0000000084c00000, 0x0000000084c00000, 0x0000000084d00000|  0%| F|  |TAMS 0x0000000084c00000, 0x0000000084c00000| Untracked 
|  65|0x0000000084d00000, 0x0000000084d00000, 0x0000000084e00000|  0%| F|  |TAMS 0x0000000084d00000, 0x0000000084d00000| Untracked 
|  66|0x0000000084e00000, 0x0000000084e00000, 0x0000000084f00000|  0%| F|  |TAMS 0x0000000084e00000, 0x0000000084e00000| Untracked 
|  67|0x0000000084f00000, 0x0000000084f00000, 0x0000000085000000|  0%| F|  |TAMS 0x0000000084f00000, 0x0000000084f00000| Untracked 
|  68|0x0000000085000000, 0x0000000085000000, 0x0000000085100000|  0%| F|  |TAMS 0x0000000085000000, 0x0000000085000000| Untracked 
|  69|0x0000000085100000, 0x0000000085100000, 0x0000000085200000|  0%| F|  |TAMS 0x0000000085100000, 0x0000000085100000| Untracked 
|  70|0x0000000085200000, 0x0000000085200000, 0x0000000085300000|  0%| F|  |TAMS 0x0000000085200000, 0x0000000085200000| Untracked 
|  71|0x0000000085300000, 0x0000000085300000, 0x0000000085400000|  0%| F|  |TAMS 0x0000000085300000, 0x0000000085300000| Untracked 
|  72|0x0000000085400000, 0x0000000085400000, 0x0000000085500000|  0%| F|  |TAMS 0x0000000085400000, 0x0000000085400000| Untracked 
|  73|0x0000000085500000, 0x0000000085500000, 0x0000000085600000|  0%| F|  |TAMS 0x0000000085500000, 0x0000000085500000| Untracked 
|  74|0x0000000085600000, 0x0000000085600000, 0x0000000085700000|  0%| F|  |TAMS 0x0000000085600000, 0x0000000085600000| Untracked 
|  75|0x0000000085700000, 0x0000000085700000, 0x0000000085800000|  0%| F|  |TAMS 0x0000000085700000, 0x0000000085700000| Untracked 
|  76|0x0000000085800000, 0x0000000085800000, 0x0000000085900000|  0%| F|  |TAMS 0x0000000085800000, 0x0000000085800000| Untracked 
|  77|0x0000000085900000, 0x0000000085900000, 0x0000000085a00000|  0%| F|  |TAMS 0x0000000085900000, 0x0000000085900000| Untracked 
|  78|0x0000000085a00000, 0x0000000085a00000, 0x0000000085b00000|  0%| F|  |TAMS 0x0000000085a00000, 0x0000000085a00000| Untracked 
|  79|0x0000000085b00000, 0x0000000085b00000, 0x0000000085c00000|  0%| F|  |TAMS 0x0000000085b00000, 0x0000000085b00000| Untracked 
|  80|0x0000000085c00000, 0x0000000085c00000, 0x0000000085d00000|  0%| F|  |TAMS 0x0000000085c00000, 0x0000000085c00000| Untracked 
|  81|0x0000000085d00000, 0x0000000085d00000, 0x0000000085e00000|  0%| F|  |TAMS 0x0000000085d00000, 0x0000000085d00000| Untracked 
|  82|0x0000000085e00000, 0x0000000085e00000, 0x0000000085f00000|  0%| F|  |TAMS 0x0000000085e00000, 0x0000000085e00000| Untracked 
|  83|0x0000000085f00000, 0x0000000085f00000, 0x0000000086000000|  0%| F|  |TAMS 0x0000000085f00000, 0x0000000085f00000| Untracked 
|  84|0x0000000086000000, 0x0000000086000000, 0x0000000086100000|  0%| F|  |TAMS 0x0000000086000000, 0x0000000086000000| Untracked 
|  85|0x0000000086100000, 0x0000000086100000, 0x0000000086200000|  0%| F|  |TAMS 0x0000000086100000, 0x0000000086100000| Untracked 
|  86|0x0000000086200000, 0x0000000086200000, 0x0000000086300000|  0%| F|  |TAMS 0x0000000086200000, 0x0000000086200000| Untracked 
|  87|0x0000000086300000, 0x0000000086300000, 0x0000000086400000|  0%| F|  |TAMS 0x0000000086300000, 0x0000000086300000| Untracked 
|  88|0x0000000086400000, 0x00000000864378b0, 0x0000000086500000| 21%| E|  |TAMS 0x0000000086400000, 0x0000000086400000| Complete 
|  89|0x0000000086500000, 0x0000000086600000, 0x0000000086600000|100%| E|CS|TAMS 0x0000000086500000, 0x0000000086500000| Complete 
|  90|0x0000000086600000, 0x0000000086700000, 0x0000000086700000|100%| E|CS|TAMS 0x0000000086600000, 0x0000000086600000| Complete 
|  91|0x0000000086700000, 0x0000000086800000, 0x0000000086800000|100%| E|CS|TAMS 0x0000000086700000, 0x0000000086700000| Complete 
| 115|0x0000000087f00000, 0x0000000088000000, 0x0000000088000000|100%| E|CS|TAMS 0x0000000087f00000, 0x0000000087f00000| Complete 
| 127|0x0000000088b00000, 0x0000000088c00000, 0x0000000088c00000|100%| E|CS|TAMS 0x0000000088b00000, 0x0000000088b00000| Complete 

Card table byte_map: [0x00000249fe000000,0x00000249fe400000] _byte_map_base: 0x00000249fdbfa000

Marking Bits (Prev, Next): (CMBitMap*) 0x00000249f474aa10, (CMBitMap*) 0x00000249f474a9d0
 Prev Bits: [0x0000024984fd0000, 0x0000024986fa0000)
 Next Bits: [0x0000024983000000, 0x0000024984fd0000)

Polling page: 0x00000249f47b0000

Metaspace:

Usage:
  Non-class:     45.57 MB used.
      Class:      7.40 MB used.
       Both:     52.97 MB used.

Virtual space:
  Non-class space:       48.00 MB reserved,      45.81 MB ( 95%) committed,  6 nodes.
      Class space:        1.00 GB reserved,       7.62 MB ( <1%) committed,  1 nodes.
             Both:        1.05 GB reserved,      53.44 MB (  5%) committed. 

Chunk freelists:
   Non-Class:  1.73 MB
       Class:  208.00 KB
        Both:  1.94 MB

MaxMetaspaceSize: unlimited
CompressedClassSpaceSize: 1.00 GB
Initial GC threshold: 21.00 MB
Current GC threshold: 63.06 MB
CDS: on
MetaspaceReclaimPolicy: balanced
 - commit_granule_bytes: 65536.
 - commit_granule_words: 8192.
 - virtual_space_node_default_size: 1048576.
 - enlarge_chunks_in_place: 1.
 - new_chunks_are_fully_committed: 0.
 - uncommit_free_chunks: 1.
 - use_allocation_guard: 0.
 - handle_deallocations: 1.


Internal statistics:

num_allocs_failed_limit: 9.
num_arena_births: 642.
num_arena_deaths: 0.
num_vsnodes_births: 7.
num_vsnodes_deaths: 0.
num_space_committed: 855.
num_space_uncommitted: 0.
num_chunks_returned_to_freelist: 9.
num_chunks_taken_from_freelist: 2518.
num_chunk_merges: 9.
num_chunk_splits: 1816.
num_chunks_enlarged: 1397.
num_purges: 0.
num_inconsistent_stats: 0.

CodeCache: size=49152Kb used=9654Kb max_used=10162Kb free=39497Kb
 bounds [0x0000024980000000, 0x00000249809f0000, 0x0000024983000000]
 total_blobs=5810 nmethods=5176 adapters=561
 compilation: enabled
              stopped_count=0, restarted_count=0
 full_count=0

Compilation events (20 events):
Event: 23.592 Thread 0x00000249fee60520 5154       1       java.util.Spliterators$1Adapter::<init> (15 bytes)
Event: 23.592 Thread 0x00000249fee60520 nmethod 5154 0x00000249801b3c90 code [0x00000249801b3e20, 0x00000249801b3f38]
Event: 23.592 Thread 0x00000249fee60520 5155       1       org.hibernate.annotations.common.reflection.java.JavaXClass::toClass (5 bytes)
Event: 23.592 Thread 0x00000249fee60520 nmethod 5155 0x00000249801b3990 code [0x00000249801b3b20, 0x00000249801b3bf8]
Event: 23.592 Thread 0x00000249fee60520 5156       1       org.hibernate.annotations.common.reflection.java.JavaXAnnotatedElement::getAnnotation (11 bytes)
Event: 23.593 Thread 0x00000249fee60520 nmethod 5156 0x00000249801b3410 code [0x00000249801b35c0, 0x00000249801b37f8]
Event: 23.593 Thread 0x00000249fee60520 5157       1       org.hibernate.annotations.common.reflection.java.JavaAnnotationReader::getAnnotation (11 bytes)
Event: 23.593 Thread 0x00000249fee60520 nmethod 5157 0x00000249801b3110 code [0x00000249801b32a0, 0x00000249801b3388]
Event: 23.593 Thread 0x00000249fee60520 5158       1       org.hibernate.annotations.common.reflection.java.JavaXAnnotatedElement::getFactory (5 bytes)
Event: 23.593 Thread 0x00000249fee60520 nmethod 5158 0x00000249801b2e10 code [0x00000249801b2fa0, 0x00000249801b3078]
Event: 23.593 Thread 0x00000249fee60520 5159       1       org.hibernate.annotations.common.reflection.java.JavaXClass::getTypeEnvironment (5 bytes)
Event: 23.593 Thread 0x00000249fee60520 nmethod 5159 0x00000249801b2b10 code [0x00000249801b2ca0, 0x00000249801b2d78]
Event: 23.594 Thread 0x00000249fee60520 5160       1       org.hibernate.annotations.common.reflection.java.JavaXAnnotatedElement::toAnnotatedElement (5 bytes)
Event: 23.594 Thread 0x00000249fee60520 nmethod 5160 0x00000249801b2810 code [0x00000249801b29a0, 0x00000249801b2a78]
Event: 23.594 Thread 0x00000249fee60520 5161       1       org.hibernate.annotations.common.reflection.java.JavaXMember::isAnnotationPresent (6 bytes)
Event: 23.594 Thread 0x00000249fee60520 nmethod 5161 0x00000249801b2290 code [0x00000249801b2440, 0x00000249801b2678]
Event: 23.595 Thread 0x00000249fee60520 5162       1       org.hibernate.boot.internal.MetadataBuildingContextRootImpl::getMetadataCollector (5 bytes)
Event: 23.595 Thread 0x00000249fee60520 nmethod 5162 0x00000249801b1f90 code [0x00000249801b2120, 0x00000249801b21f8]
Event: 23.601 Thread 0x00000249fee60520 5163       1       java.util.List::of (4 bytes)
Event: 23.601 Thread 0x00000249fee60520 nmethod 5163 0x00000249801b1c90 code [0x00000249801b1e20, 0x00000249801b1ed8]

GC Heap History (20 events):
Event: 5.094 GC heap before
{Heap before GC invocations=3 (full 0):
 garbage-first heap   total 131072K, used 84344K [0x0000000080c00000, 0x0000000100000000)
  region size 1024K, 74 young (75776K), 3 survivors (3072K)
 Metaspace       used 19571K, committed 19904K, reserved 1073152K
  class space    used 2590K, committed 2752K, reserved 1048576K
}
Event: 5.106 GC heap after
{Heap after GC invocations=4 (full 0):
 garbage-first heap   total 131072K, used 17345K [0x0000000080c00000, 0x0000000100000000)
  region size 1024K, 9 young (9216K), 9 survivors (9216K)
 Metaspace       used 19571K, committed 19904K, reserved 1073152K
  class space    used 2590K, committed 2752K, reserved 1048576K
}
Event: 5.608 GC heap before
{Heap before GC invocations=4 (full 0):
 garbage-first heap   total 131072K, used 35777K [0x0000000080c00000, 0x0000000100000000)
  region size 1024K, 28 young (28672K), 9 survivors (9216K)
 Metaspace       used 21184K, committed 21504K, reserved 1073152K
  class space    used 2841K, committed 3008K, reserved 1048576K
}
Event: 5.621 GC heap after
{Heap after GC invocations=5 (full 0):
 garbage-first heap   total 131072K, used 18090K [0x0000000080c00000, 0x0000000100000000)
  region size 1024K, 2 young (2048K), 2 survivors (2048K)
 Metaspace       used 21184K, committed 21504K, reserved 1073152K
  class space    used 2841K, committed 3008K, reserved 1048576K
}
Event: 7.150 GC heap before
{Heap before GC invocations=6 (full 0):
 garbage-first heap   total 65536K, used 53930K [0x0000000080c00000, 0x0000000100000000)
  region size 1024K, 38 young (38912K), 2 survivors (2048K)
 Metaspace       used 24820K, committed 25088K, reserved 1073152K
  class space    used 3539K, committed 3648K, reserved 1048576K
}
Event: 7.157 GC heap after
{Heap after GC invocations=7 (full 0):
 garbage-first heap   total 65536K, used 20016K [0x0000000080c00000, 0x0000000100000000)
  region size 1024K, 4 young (4096K), 4 survivors (4096K)
 Metaspace       used 24820K, committed 25088K, reserved 1073152K
  class space    used 3539K, committed 3648K, reserved 1048576K
}
Event: 7.178 GC heap before
{Heap before GC invocations=7 (full 0):
 garbage-first heap   total 65536K, used 21040K [0x0000000080c00000, 0x0000000100000000)
  region size 1024K, 5 young (5120K), 4 survivors (4096K)
 Metaspace       used 24968K, committed 25280K, reserved 1073152K
  class space    used 3560K, committed 3712K, reserved 1048576K
}
Event: 7.185 GC heap after
{Heap after GC invocations=8 (full 0):
 garbage-first heap   total 65536K, used 20102K [0x0000000080c00000, 0x0000000100000000)
  region size 1024K, 1 young (1024K), 1 survivors (1024K)
 Metaspace       used 24968K, committed 25280K, reserved 1073152K
  class space    used 3560K, committed 3712K, reserved 1048576K
}
Event: 7.990 GC heap before
{Heap before GC invocations=8 (full 0):
 garbage-first heap   total 65536K, used 45702K [0x0000000080c00000, 0x0000000100000000)
  region size 1024K, 27 young (27648K), 1 survivors (1024K)
 Metaspace       used 27959K, committed 28288K, reserved 1081344K
  class space    used 3955K, committed 4096K, reserved 1048576K
}
Event: 7.997 GC heap after
{Heap after GC invocations=9 (full 0):
 garbage-first heap   total 65536K, used 21504K [0x0000000080c00000, 0x0000000100000000)
  region size 1024K, 2 young (2048K), 2 survivors (2048K)
 Metaspace       used 27959K, committed 28288K, reserved 1081344K
  class space    used 3955K, committed 4096K, reserved 1048576K
}
Event: 8.800 GC heap before
{Heap before GC invocations=9 (full 0):
 garbage-first heap   total 65536K, used 48128K [0x0000000080c00000, 0x0000000100000000)
  region size 1024K, 28 young (28672K), 2 survivors (2048K)
 Metaspace       used 30694K, committed 31104K, reserved 1081344K
  class space    used 4377K, committed 4544K, reserved 1048576K
}
Event: 8.809 GC heap after
{Heap after GC invocations=10 (full 0):
 garbage-first heap   total 65536K, used 23203K [0x0000000080c00000, 0x0000000100000000)
  region size 1024K, 4 young (4096K), 4 survivors (4096K)
 Metaspace       used 30694K, committed 31104K, reserved 1081344K
  class space    used 4377K, committed 4544K, reserved 1048576K
}
Event: 9.633 GC heap before
{Heap before GC invocations=10 (full 0):
 garbage-first heap   total 65536K, used 50851K [0x0000000080c00000, 0x0000000100000000)
  region size 1024K, 30 young (30720K), 4 survivors (4096K)
 Metaspace       used 33136K, committed 33600K, reserved 1081344K
  class space    used 4675K, committed 4928K, reserved 1048576K
}
Event: 9.647 GC heap after
{Heap after GC invocations=11 (full 0):
 garbage-first heap   total 65536K, used 24766K [0x0000000080c00000, 0x0000000100000000)
  region size 1024K, 4 young (4096K), 4 survivors (4096K)
 Metaspace       used 33136K, committed 33600K, reserved 1081344K
  class space    used 4675K, committed 4928K, reserved 1048576K
}
Event: 9.939 GC heap before
{Heap before GC invocations=11 (full 0):
 garbage-first heap   total 65536K, used 31934K [0x0000000080c00000, 0x0000000100000000)
  region size 1024K, 13 young (13312K), 4 survivors (4096K)
 Metaspace       used 35557K, committed 35968K, reserved 1081344K
  class space    used 4970K, committed 5184K, reserved 1048576K
}
Event: 9.946 GC heap after
{Heap after GC invocations=12 (full 0):
 garbage-first heap   total 119808K, used 25317K [0x0000000080c00000, 0x0000000100000000)
  region size 1024K, 3 young (3072K), 3 survivors (3072K)
 Metaspace       used 35557K, committed 35968K, reserved 1081344K
  class space    used 4970K, committed 5184K, reserved 1048576K
}
Event: 21.216 GC heap before
{Heap before GC invocations=13 (full 0):
 garbage-first heap   total 96256K, used 79589K [0x0000000080c00000, 0x0000000100000000)
  region size 1024K, 56 young (57344K), 3 survivors (3072K)
 Metaspace       used 38276K, committed 38720K, reserved 1089536K
  class space    used 5387K, committed 5568K, reserved 1048576K
}
Event: 21.230 GC heap after
{Heap after GC invocations=14 (full 0):
 garbage-first heap   total 96256K, used 27650K [0x0000000080c00000, 0x0000000100000000)
  region size 1024K, 5 young (5120K), 5 survivors (5120K)
 Metaspace       used 38276K, committed 38720K, reserved 1089536K
  class space    used 5387K, committed 5568K, reserved 1048576K
}
Event: 23.407 GC heap before
{Heap before GC invocations=15 (full 0):
 garbage-first heap   total 96256K, used 75778K [0x0000000080c00000, 0x0000000100000000)
  region size 1024K, 52 young (53248K), 5 survivors (5120K)
 Metaspace       used 53135K, committed 53632K, reserved 1097728K
  class space    used 7412K, committed 7680K, reserved 1048576K
}
Event: 23.421 GC heap after
{Heap after GC invocations=16 (full 0):
 garbage-first heap   total 96256K, used 30908K [0x0000000080c00000, 0x0000000100000000)
  region size 1024K, 7 young (7168K), 7 survivors (7168K)
 Metaspace       used 53135K, committed 53632K, reserved 1097728K
  class space    used 7412K, committed 7680K, reserved 1048576K
}

Deoptimization events (10 events):
Event: 4.091 Thread 0x00000249f46f0ad0 DEOPT PACKING pc=0x000002498055fb99 sp=0x00000062d17fcfe0
Event: 4.091 Thread 0x00000249f46f0ad0 DEOPT UNPACKING pc=0x0000024980052b43 sp=0x00000062d17fc4c0 mode 3
Event: 7.288 Thread 0x00000249f46f0ad0 DEOPT PACKING pc=0x0000024980804219 sp=0x00000062d17fdee0
Event: 7.288 Thread 0x00000249f46f0ad0 DEOPT UNPACKING pc=0x0000024980052b43 sp=0x00000062d17fd3c0 mode 3
Event: 8.246 Thread 0x00000249f46f0ad0 DEOPT PACKING pc=0x0000024980891e42 sp=0x00000062d17fdc40
Event: 8.246 Thread 0x00000249f46f0ad0 DEOPT UNPACKING pc=0x0000024980052b43 sp=0x00000062d17fd1d8 mode 0
Event: 9.024 Thread 0x00000249f46f0ad0 DEOPT PACKING pc=0x000002498093db9d sp=0x00000062d17fd410
Event: 9.024 Thread 0x00000249f46f0ad0 DEOPT UNPACKING pc=0x0000024980052b43 sp=0x00000062d17fc978 mode 3
Event: 11.231 Thread 0x00000249f46f0ad0 DEOPT PACKING pc=0x0000024980854944 sp=0x00000062d17fafc0
Event: 11.231 Thread 0x00000249f46f0ad0 DEOPT UNPACKING pc=0x0000024980052b43 sp=0x00000062d17fa458 mode 3

Classes unloaded (0 events):
No events

Classes redefined (0 events):
No events

Internal exceptions (20 events):
Event: 9.331 Thread 0x00000249f46f0ad0 Exception <a 'java/lang/NoSuchMethodError'{0x0000000083884058}: 'int java.lang.invoke.DirectMethodHandle$Holder.invokeInterface(java.lang.Object, java.lang.Object, java.lang.Object, java.lang.Object)'> (0x0000000083884058) 
thrown [s\open\src\hotspot\share\interpreter\linkResolver.cpp, line 759]
Event: 9.703 Thread 0x00000249f46f0ad0 Exception <a 'java/lang/NoSuchMethodError'{0x00000000877893b8}: 'java.lang.Object java.lang.invoke.DirectMethodHandle$Holder.invokeStaticInit(java.lang.Object, java.lang.Object, int)'> (0x00000000877893b8) 
thrown [s\open\src\hotspot\share\interpreter\linkResolver.cpp, line 759]
Event: 9.740 Thread 0x00000249f46f0ad0 Exception <a 'java/lang/NoSuchMethodError'{0x00000000847a33b0}: 'void java.lang.invoke.DirectMethodHandle$Holder.invokeStaticInit(java.lang.Object, java.lang.Object, java.lang.Object, java.lang.Object)'> (0x00000000847a33b0) 
thrown [s\open\src\hotspot\share\interpreter\linkResolver.cpp, line 759]
Event: 10.244 Thread 0x00000249f46f0ad0 Exception <a 'java/lang/NoSuchMethodError'{0x0000000087f38960}: 'java.lang.Object java.lang.invoke.DirectMethodHandle$Holder.invokeStaticInit(java.lang.Object, java.lang.Object, java.lang.Object, java.lang.Object, java.lang.Object)'> (0x0000000087f38960) 
thrown [s\open\src\hotspot\share\interpreter\linkResolver.cpp, line 759]
Event: 10.974 Thread 0x00000249f46f0ad0 Exception <a 'java/lang/NoSuchMethodError'{0x0000000085538448}: 'java.lang.Object java.lang.invoke.DirectMethodHandle$Holder.invokeStaticInit(java.lang.Object, java.lang.Object, java.lang.Object, java.lang.Object)'> (0x0000000085538448) 
thrown [s\open\src\hotspot\share\interpreter\linkResolver.cpp, line 759]
Event: 10.976 Thread 0x00000249f46f0ad0 Exception <a 'java/lang/IncompatibleClassChangeError'{0x0000000085550ee0}: Found class java.lang.Object, but interface was expected> (0x0000000085550ee0) 
thrown [s\open\src\hotspot\share\interpreter\linkResolver.cpp, line 826]
Event: 10.977 Thread 0x00000249f46f0ad0 Exception <a 'java/lang/IncompatibleClassChangeError'{0x000000008555fd10}: Found class java.lang.Object, but interface was expected> (0x000000008555fd10) 
thrown [s\open\src\hotspot\share\interpreter\linkResolver.cpp, line 826]
Event: 10.981 Thread 0x00000249f46f0ad0 Exception <a 'java/lang/IncompatibleClassChangeError'{0x0000000085593100}: Found class java.lang.Object, but interface was expected> (0x0000000085593100) 
thrown [s\open\src\hotspot\share\interpreter\linkResolver.cpp, line 826]
Event: 11.229 Thread 0x00000249f46f0ad0 Exception <a 'java/lang/NoSuchMethodError'{0x00000000844a8590}: 'java.lang.Object java.lang.invoke.DirectMethodHandle$Holder.invokeStatic(java.lang.Object, java.lang.Object, int, java.lang.Object)'> (0x00000000844a8590) 
thrown [s\open\src\hotspot\share\interpreter\linkResolver.cpp, line 759]
Event: 11.230 Thread 0x00000249f46f0ad0 Exception <a 'java/lang/NoSuchMethodError'{0x00000000844af6a8}: 'java.lang.Object java.lang.invoke.DirectMethodHandle$Holder.newInvokeSpecial(java.lang.Object, java.lang.Object, int)'> (0x00000000844af6a8) 
thrown [s\open\src\hotspot\share\interpreter\linkResolver.cpp, line 759]
Event: 11.482 Thread 0x00000249f46f0ad0 Exception <a 'java/lang/NoSuchMethodError'{0x0000000083b66898}: 'long java.lang.invoke.DirectMethodHandle$Holder.invokeVirtual(java.lang.Object, java.lang.Object)'> (0x0000000083b66898) 
thrown [s\open\src\hotspot\share\interpreter\linkResolver.cpp, line 759]
Event: 22.759 Thread 0x000002498c496130 Exception <a 'java/lang/NoSuchMethodError'{0x0000000084865728}: static [B.<clinit>()V> (0x0000000084865728) 
thrown [s\open\src\hotspot\share\prims\jni.cpp, line 1107]
Event: 22.766 Thread 0x000002498c496130 Exception <a 'java/lang/ClassNotFoundException'{0x000000008486dbc0}: javax/management/remote/rmi/RMIConnectionImpl_Skel> (0x000000008486dbc0) 
thrown [s\open\src\hotspot\share\classfile\systemDictionary.cpp, line 256]
Event: 22.776 Thread 0x000002498c496130 Exception <a 'java/lang/reflect/InvocationTargetException'{0x000000008473d358}> (0x000000008473d358) 
thrown [s\open\src\hotspot\share\runtime\reflection.cpp, line 1121]
Event: 22.779 Thread 0x000002498c496130 Exception <a 'java/lang/NoSuchMethodError'{0x0000000084766e90}: static [Ljava/lang/StackTraceElement;.<clinit>()V> (0x0000000084766e90) 
thrown [s\open\src\hotspot\share\prims\jni.cpp, line 1107]
Event: 22.836 Thread 0x00000249f46f0ad0 Exception <a 'sun/nio/fs/WindowsException'{0x000000008460d390}> (0x000000008460d390) 
thrown [s\open\src\hotspot\share\prims\jni.cpp, line 516]
Event: 22.940 Thread 0x00000249f46f0ad0 Exception <a 'java/lang/NoSuchMethodError'{0x0000000084630958}: 'int java.lang.invoke.DirectMethodHandle$Holder.invokeStaticInit(java.lang.Object, java.lang.Object, java.lang.Object, java.lang.Object)'> (0x0000000084630958) 
thrown [s\open\src\hotspot\share\interpreter\linkResolver.cpp, line 759]
Event: 23.458 Thread 0x00000249f46f0ad0 Exception <a 'java/lang/NoSuchMethodError'{0x0000000087f3a990}: 'java.lang.Object java.lang.invoke.DirectMethodHandle$Holder.newInvokeSpecial(java.lang.Object, java.lang.Object, java.lang.Object, int)'> (0x0000000087f3a990) 
thrown [s\open\src\hotspot\share\interpreter\linkResolver.cpp, line 759]
Event: 23.459 Thread 0x00000249f46f0ad0 Exception <a 'java/lang/NoSuchMethodError'{0x0000000087f3ec78}: 'java.lang.Object java.lang.invoke.DirectMethodHandle$Holder.invokeSpecial(java.lang.Object, java.lang.Object, java.lang.Object, java.lang.Object, int)'> (0x0000000087f3ec78) 
thrown [s\open\src\hotspot\share\interpreter\linkResolver.cpp, line 759]
Event: 23.459 Thread 0x00000249f46f0ad0 Exception <a 'java/lang/NoSuchMethodError'{0x0000000087f42840}: 'java.lang.Object java.lang.invoke.Invokers$Holder.linkToTargetMethod(java.lang.Object, java.lang.Object, int, java.lang.Object)'> (0x0000000087f42840) 
thrown [s\open\src\hotspot\share\interpreter\linkResolver.cpp, line 759]

VM Operations (20 events):
Event: 11.287 Executing VM operation: HandshakeAllThreads
Event: 11.287 Executing VM operation: HandshakeAllThreads done
Event: 11.493 Executing VM operation: HandshakeAllThreads
Event: 11.494 Executing VM operation: HandshakeAllThreads done
Event: 11.605 Executing VM operation: G1CollectForAllocation
Event: 21.237 Executing VM operation: G1CollectForAllocation done
Event: 21.270 Executing VM operation: G1Concurrent
Event: 21.276 Executing VM operation: G1Concurrent done
Event: 21.291 Executing VM operation: G1Concurrent
Event: 21.291 Executing VM operation: G1Concurrent done
Event: 22.303 Executing VM operation: Cleanup
Event: 22.378 Executing VM operation: Cleanup done
Event: 22.709 Executing VM operation: HandshakeAllThreads
Event: 22.742 Executing VM operation: HandshakeAllThreads done
Event: 22.838 Executing VM operation: HandshakeAllThreads
Event: 22.930 Executing VM operation: HandshakeAllThreads done
Event: 22.935 Executing VM operation: HandshakeAllThreads
Event: 22.935 Executing VM operation: HandshakeAllThreads done
Event: 23.354 Executing VM operation: G1CollectForAllocation
Event: 23.422 Executing VM operation: G1CollectForAllocation done

Events (20 events):
Event: 23.113 loading class javax/security/auth/callback/UnsupportedCallbackException
Event: 23.113 loading class javax/security/auth/callback/UnsupportedCallbackException done
Event: 23.113 loading class javax/security/auth/login/Configuration
Event: 23.113 loading class javax/security/auth/login/Configuration done
Event: 23.114 loading class javax/security/auth/callback/Callback
Event: 23.114 loading class javax/security/auth/callback/Callback done
Event: 23.166 Thread 0x000002498c496ad0 Thread added: 0x000002498c496ad0
Event: 23.168 loading class java/util/concurrent/ThreadPoolExecutor$CallerRunsPolicy
Event: 23.168 loading class java/util/concurrent/ThreadPoolExecutor$CallerRunsPolicy done
Event: 23.212 loading class java/util/TimerTask
Event: 23.212 loading class java/util/TimerTask done
Event: 23.240 loading class java/util/regex/Pattern$1MatcherIterator
Event: 23.240 loading class java/util/regex/Pattern$1MatcherIterator done
Event: 23.261 loading class java/io/CharArrayWriter
Event: 23.261 loading class java/io/CharArrayWriter done
Event: 23.340 Thread 0x000002498c496fa0 Thread added: 0x000002498c496fa0
Event: 23.474 loading class sun/reflect/generics/repository/FieldRepository
Event: 23.474 loading class sun/reflect/generics/repository/FieldRepository done
Event: 23.508 loading class jdk/internal/ValueBased
Event: 23.508 loading class jdk/internal/ValueBased done


Dynamic libraries:
0x00007ff7f9990000 - 0x00007ff7f99a0000 	C:\Program Files\Java\jdk-17.0.6\bin\java.exe
0x00007ff9d8ed0000 - 0x00007ff9d90c8000 	C:\WINDOWS\SYSTEM32\ntdll.dll
0x00007ff9d6f20000 - 0x00007ff9d6fdf000 	C:\WINDOWS\System32\KERNEL32.DLL
0x00007ff9d6790000 - 0x00007ff9d6a86000 	C:\WINDOWS\System32\KERNELBASE.dll
0x00007ff9d6b30000 - 0x00007ff9d6c30000 	C:\WINDOWS\System32\ucrtbase.dll
0x00007ff9cf9c0000 - 0x00007ff9cf9d8000 	C:\Program Files\Java\jdk-17.0.6\bin\jli.dll
0x00007ff9d84b0000 - 0x00007ff9d855f000 	C:\WINDOWS\System32\ADVAPI32.dll
0x00007ff9d75c0000 - 0x00007ff9d765e000 	C:\WINDOWS\System32\msvcrt.dll
0x00007ff9d8ae0000 - 0x00007ff9d8b7c000 	C:\WINDOWS\System32\sechost.dll
0x00007ff9d8c20000 - 0x00007ff9d8d46000 	C:\WINDOWS\System32\RPCRT4.dll
0x00007ff9ae4b0000 - 0x00007ff9ae4cb000 	C:\Program Files\Java\jdk-17.0.6\bin\VCRUNTIME140.dll
0x00007ff9c0840000 - 0x00007ff9c0ada000 	C:\WINDOWS\WinSxS\amd64_microsoft.windows.common-controls_6595b64144ccf1df_6.0.19041.1110_none_60b5254171f9507e\COMCTL32.dll
0x00007ff9d8ab0000 - 0x00007ff9d8adc000 	C:\WINDOWS\System32\GDI32.dll
0x00007ff9d71e0000 - 0x00007ff9d737d000 	C:\WINDOWS\System32\USER32.dll
0x00007ff9d6610000 - 0x00007ff9d6632000 	C:\WINDOWS\System32\win32u.dll
0x00007ff9d6640000 - 0x00007ff9d6755000 	C:\WINDOWS\System32\gdi32full.dll
0x00007ff9d6a90000 - 0x00007ff9d6b2d000 	C:\WINDOWS\System32\msvcp_win.dll
0x00007ff9d0c20000 - 0x00007ff9d0c2a000 	C:\WINDOWS\SYSTEM32\VERSION.dll
0x00007ff9d8bf0000 - 0x00007ff9d8c20000 	C:\WINDOWS\System32\IMM32.DLL
0x00007ff9d0790000 - 0x00007ff9d079c000 	C:\Program Files\Java\jdk-17.0.6\bin\vcruntime140_1.dll
0x00007ff9a34c0000 - 0x00007ff9a354e000 	C:\Program Files\Java\jdk-17.0.6\bin\msvcp140.dll
0x00007ff9845c0000 - 0x00007ff985197000 	C:\Program Files\Java\jdk-17.0.6\bin\server\jvm.dll
0x00007ff9d84a0000 - 0x00007ff9d84a8000 	C:\WINDOWS\System32\PSAPI.DLL
0x00007ff9b7cb0000 - 0x00007ff9b7cb9000 	C:\WINDOWS\SYSTEM32\WSOCK32.dll
0x00007ff9d8b80000 - 0x00007ff9d8beb000 	C:\WINDOWS\System32\WS2_32.dll
0x00007ff9ce290000 - 0x00007ff9ce2b7000 	C:\WINDOWS\SYSTEM32\WINMM.dll
0x00007ff9d4420000 - 0x00007ff9d4432000 	C:\WINDOWS\SYSTEM32\kernel.appcore.dll
0x00007ff9c8600000 - 0x00007ff9c860a000 	C:\Program Files\Java\jdk-17.0.6\bin\jimage.dll
0x00007ff9c7d40000 - 0x00007ff9c7f24000 	C:\WINDOWS\SYSTEM32\DBGHELP.DLL
0x00007ff9c7ba0000 - 0x00007ff9c7bd4000 	C:\WINDOWS\SYSTEM32\dbgcore.DLL
0x00007ff9d6580000 - 0x00007ff9d6602000 	C:\WINDOWS\System32\bcryptPrimitives.dll
0x00007ff9d07d0000 - 0x00007ff9d07de000 	C:\Program Files\Java\jdk-17.0.6\bin\instrument.dll
0x00007ff9a26b0000 - 0x00007ff9a26d5000 	C:\Program Files\Java\jdk-17.0.6\bin\java.dll
0x00007ff9844e0000 - 0x00007ff9845b7000 	C:\Program Files\Java\jdk-17.0.6\bin\jsvml.dll
0x00007ff9d7710000 - 0x00007ff9d7e54000 	C:\WINDOWS\System32\SHELL32.dll
0x00007ff9d4620000 - 0x00007ff9d4db3000 	C:\WINDOWS\SYSTEM32\windows.storage.dll
0x00007ff9d7e60000 - 0x00007ff9d81b4000 	C:\WINDOWS\System32\combase.dll
0x00007ff9d5e90000 - 0x00007ff9d5ebe000 	C:\WINDOWS\SYSTEM32\Wldp.dll
0x00007ff9d7660000 - 0x00007ff9d770d000 	C:\WINDOWS\System32\SHCORE.dll
0x00007ff9d7040000 - 0x00007ff9d7095000 	C:\WINDOWS\System32\shlwapi.dll
0x00007ff9d64c0000 - 0x00007ff9d64df000 	C:\WINDOWS\SYSTEM32\profapi.dll
0x00007ff9a1720000 - 0x00007ff9a1738000 	C:\Program Files\Java\jdk-17.0.6\bin\zip.dll
0x00007ff9ad320000 - 0x00007ff9ad339000 	C:\Program Files\Java\jdk-17.0.6\bin\net.dll
0x00007ff9cd760000 - 0x00007ff9cd86a000 	C:\WINDOWS\SYSTEM32\WINHTTP.dll
0x00007ff9d5c00000 - 0x00007ff9d5c6a000 	C:\WINDOWS\system32\mswsock.dll
0x00007ff9a25e0000 - 0x00007ff9a25f6000 	C:\Program Files\Java\jdk-17.0.6\bin\nio.dll
0x00007ff9d07b0000 - 0x00007ff9d07ca000 	C:\Program Files\JetBrains\IntelliJ IDEA 2023.1\bin\breakgen64.dll
0x00007ff9d5950000 - 0x00007ff9d5a1b000 	C:\WINDOWS\SYSTEM32\DNSAPI.dll
0x00007ff9d5910000 - 0x00007ff9d594c000 	C:\WINDOWS\SYSTEM32\IPHLPAPI.DLL
0x00007ff9d70a0000 - 0x00007ff9d70a8000 	C:\WINDOWS\System32\NSI.dll
0x00007ff9caca0000 - 0x00007ff9cacaa000 	C:\Windows\System32\rasadhlp.dll
0x00007ff9cc1b0000 - 0x00007ff9cc232000 	C:\WINDOWS\System32\fwpuclnt.dll
0x00007ff9d6760000 - 0x00007ff9d6787000 	C:\WINDOWS\System32\bcrypt.dll
0x00007ff9d07a0000 - 0x00007ff9d07aa000 	C:\Program Files\Java\jdk-17.0.6\bin\management.dll
0x00007ff9cfac0000 - 0x00007ff9cfacb000 	C:\Program Files\Java\jdk-17.0.6\bin\management_ext.dll
0x00007ff9d61d0000 - 0x00007ff9d61e8000 	C:\WINDOWS\SYSTEM32\CRYPTSP.dll
0x00007ff9d5540000 - 0x00007ff9d5574000 	C:\WINDOWS\system32\rsaenh.dll
0x00007ff9d6480000 - 0x00007ff9d64ae000 	C:\WINDOWS\SYSTEM32\USERENV.dll
0x00007ff9d5d90000 - 0x00007ff9d5d9c000 	C:\WINDOWS\SYSTEM32\CRYPTBASE.dll
0x00007ff9cc180000 - 0x00007ff9cc197000 	C:\WINDOWS\SYSTEM32\dhcpcsvc6.DLL
0x00007ff9cc160000 - 0x00007ff9cc17d000 	C:\WINDOWS\SYSTEM32\dhcpcsvc.DLL
0x00007ff9b52a0000 - 0x00007ff9b52b7000 	C:\WINDOWS\system32\napinsp.dll
0x00007ff9b5280000 - 0x00007ff9b529b000 	C:\WINDOWS\system32\pnrpnsp.dll
0x00007ff9c57c0000 - 0x00007ff9c57d5000 	C:\WINDOWS\system32\wshbth.dll
0x00007ff9d1ee0000 - 0x00007ff9d1efd000 	C:\WINDOWS\system32\NLAapi.dll
0x00007ff9b4230000 - 0x00007ff9b4242000 	C:\WINDOWS\System32\winrnr.dll
0x00007ff9a3130000 - 0x00007ff9a3140000 	C:\Program Files\Java\jdk-17.0.6\bin\verify.dll
0x00007ff9cfaa0000 - 0x00007ff9cfaad000 	C:\Program Files\Java\jdk-17.0.6\bin\sunmscapi.dll
0x00007ff9d6cf0000 - 0x00007ff9d6e4e000 	C:\WINDOWS\System32\CRYPT32.dll
0x00007ff9d5f00000 - 0x00007ff9d5f28000 	C:\WINDOWS\SYSTEM32\ncrypt.dll
0x00007ff9d5ec0000 - 0x00007ff9d5efb000 	C:\WINDOWS\SYSTEM32\NTASN1.dll

dbghelp: loaded successfully - version: 4.0.5 - missing functions: none
symbol engine: initialized successfully - sym options: 0x614 - pdb path: .;C:\Program Files\Java\jdk-17.0.6\bin;C:\WINDOWS\SYSTEM32;C:\WINDOWS\WinSxS\amd64_microsoft.windows.common-controls_6595b64144ccf1df_6.0.19041.1110_none_60b5254171f9507e;C:\Program Files\Java\jdk-17.0.6\bin\server;C:\Program Files\JetBrains\IntelliJ IDEA 2023.1\bin

VM Arguments:
jvm_args: -Dfile.encoding=UTF8 -XX:TieredStopAtLevel=1 -Dspring.output.ansi.enabled=always -Dcom.sun.management.jmxremote -Dspring.jmx.enabled=true -Dspring.liveBeansView.mbeanDomain -Dspring.application.admin.enabled=true -Dmanagement.endpoints.jmx.exposure.include=* -javaagent:C:\Program Files\JetBrains\IntelliJ IDEA 2023.1\lib\idea_rt.jar=58759:C:\Program Files\JetBrains\IntelliJ IDEA 2023.1\bin -Dfile.encoding=UTF-8 
java_command: com.programmingtech.orderservice.OrderServiceApplication
java_class_path (initial): C:\project\microservices-program\order-service\target\classes;C:\Users\Comp\.m2\repository\org\springframework\boot\spring-boot-starter-data-jpa\3.0.5\spring-boot-starter-data-jpa-3.0.5.jar;C:\Users\Comp\.m2\repository\org\springframework\boot\spring-boot-starter-aop\3.0.5\spring-boot-starter-aop-3.0.5.jar;C:\Users\Comp\.m2\repository\org\springframework\spring-aop\6.0.7\spring-aop-6.0.7.jar;C:\Users\Comp\.m2\repository\org\aspectj\aspectjweaver\1.9.19\aspectjweaver-1.9.19.jar;C:\Users\Comp\.m2\repository\org\springframework\boot\spring-boot-starter-jdbc\3.0.5\spring-boot-starter-jdbc-3.0.5.jar;C:\Users\Comp\.m2\repository\com\zaxxer\HikariCP\5.0.1\HikariCP-5.0.1.jar;C:\Users\Comp\.m2\repository\org\springframework\spring-jdbc\6.0.7\spring-jdbc-6.0.7.jar;C:\Users\Comp\.m2\repository\org\hibernate\orm\hibernate-core\6.1.7.Final\hibernate-core-6.1.7.Final.jar;C:\Users\Comp\.m2\repository\jakarta\persistence\jakarta.persistence-api\3.1.0\jakarta.persistence-api-3.1.0.jar;C:\Users\Comp\.m2\repository\jakarta\transaction\jakarta.transaction-api\2.0.1\jakarta.transaction-api-2.0.1.jar;C:\Users\Comp\.m2\repository\org\jboss\logging\jboss-logging\3.5.0.Final\jboss-logging-3.5.0.Final.jar;C:\Users\Comp\.m2\repository\org\hibernate\common\hibernate-commons-annotations\6.0.6.Final\hibernate-commons-annotations-6.0.6.Final.jar;C:\Users\Comp\.m2\repository\org\jboss\jandex\2.4.2.Final\jandex-2.4.2.Final.jar;C:\Users\Comp\.m2\repository\com\fasterxml\classmate\1.5.1\classmate-1.5.1.jar;C:\Users\Comp\.m2\repository\net\bytebuddy\byte-buddy\1.12.23\byte-buddy-1.12.23.jar;C:\Users\Comp\.m2\repository\org\glassfish\jaxb\jaxb-runtime\4.0.2\jaxb-runtime-4.0.2.jar;C:\Users\Comp\.m2\repository\org\glassfish\jaxb\jaxb-core\4.0.2\jaxb-core-4.0.2.jar;C:\Users\Comp\.m2\repository\org\eclipse\angus\angus-activation\2.0.0\angus-activation-2.0.0.jar;C:\Users\Comp\.m2\repository\org\glassfish\jaxb\txw2\4.0.2\txw2-4.0.2.jar;C:\Users\Comp\.m2\repository\com\sun\istack\
Launcher Type: SUN_STANDARD

[Global flags]
     intx CICompilerCount                          = 3                                         {product} {ergonomic}
     uint ConcGCThreads                            = 1                                         {product} {ergonomic}
     uint G1ConcRefinementThreads                  = 4                                         {product} {ergonomic}
   size_t G1HeapRegionSize                         = 1048576                                   {product} {ergonomic}
    uintx GCDrainStackTargetSize                   = 64                                        {product} {ergonomic}
   size_t InitialHeapSize                          = 134217728                                 {product} {ergonomic}
     bool ManagementServer                         = true                                      {product} {command line}
   size_t MarkStackSize                            = 4194304                                   {product} {ergonomic}
   size_t MaxHeapSize                              = 2134900736                                {product} {ergonomic}
   size_t MaxNewSize                               = 1280311296                                {product} {ergonomic}
   size_t MinHeapDeltaBytes                        = 1048576                                   {product} {ergonomic}
   size_t MinHeapSize                              = 8388608                                   {product} {ergonomic}
    uintx NonProfiledCodeHeapSize                  = 0                                      {pd product} {ergonomic}
     bool ProfileInterpreter                       = false                                  {pd product} {command line}
    uintx ProfiledCodeHeapSize                     = 0                                      {pd product} {ergonomic}
   size_t SoftMaxHeapSize                          = 2134900736                             {manageable} {ergonomic}
     intx TieredStopAtLevel                        = 1                                         {product} {command line}
     bool UseCompressedClassPointers               = true                           {product lp64_product} {ergonomic}
     bool UseCompressedOops                        = true                           {product lp64_product} {ergonomic}
     bool UseG1GC                                  = true                                      {product} {ergonomic}
     bool UseLargePagesIndividualAllocation        = false                                  {pd product} {ergonomic}

Logging:
Log output configuration:
 #0: stdout all=warning uptime,level,tags
 #1: stderr all=off uptime,level,tags

Environment Variables:
JAVA_HOME=C:\Program Files\Java\jdk-17.0.6
JAVA_TOOL_OPTIONS=-Dfile.encoding=UTF8
PATH=C:\ProgramData\Oracle\Java\javapath;C:\Program Files (x86)\AMD APP\bin\x86_64;C:\Program Files (x86)\AMD APP\bin\x86;C:\WINDOWS\system32;C:\WINDOWS;C:\WINDOWS\System32\Wbem;C:\WINDOWS\System32\WindowsPowerShell\v1.0\;C:\Program Files\Java\jdk-17.0.6;C:\Program Files (x86)\ATI Technologies\ATI.ACE\Core-Static;C:\Program Files (x86)\AMD\ATI.ACE\Core-Static;C:\PostgreSQL\pg96\bin;C:\ProgramData\chocolatey\lib\gradle\tools\gradle-5.6.2\bin;C:\ProgramData\chocolatey\bin;C:\Program Files\Git\cmd;C:\WINDOWS\System32\OpenSSH\;C:\Program Files\Redis;C:\Program Files\Intel\WiFi\bin\;C:\Program Files\Common Files\Intel\WirelessCommon\;C:\Program Files\Kubernetes\Minikube;C:\Program Files\Amazon\AWSCLIV2\;C:\Program Files\PuTTY\;C:\Program Files\nodejs\;C:\Program Files\maven\apache-maven-3.8.6-bin\apache-maven-3.8.6\bin;C:\WINDOWS\system32;C:\WINDOWS;C:\WINDOWS\System32\Wbem;C:\WINDOWS\System32\WindowsPowerShell\v1.0\;C:\WINDOWS\System32\OpenSSH\;C:\Program Files\Docker\Docker\resources\bin;C:\kafka-3.4.0\bin\windows;C:\Users\Comp\AppData\Roaming\LRClient;C:\Exercism;C:\Program Files\PostgreSQL\9.4\bin;C:\Users\Comp\AppData\Local\Microsoft\WindowsApps;C:\Program Files\Docker Toolbox;C:\Users\Comp\AppData\Local\Programs\Microsoft VS Code\bin;C:\Program Files\Intel\WiFi\bin\;C:\Program Files\Common Files\Intel\WirelessCommon\;C:\Users\Comp\AppData\Local\Google\Cloud SDK\google-cloud-sdk\bin;C:\Users\Comp\AppData\Roaming\npm;C:\Program Files\maven\apache-maven-3.8.6-bin\apache-maven-3.8.6\bin;C:\Program Files\Java\jdk-17.0.6\bin;C:\Users\Comp\AppData\Local\Microsoft\WinGet\Packages\Kubernetes.kubectl_Microsoft.Winget.Source_8wekyb3d8bbwe;;C:\Users\Comp\AppData\Local\Microsoft\WindowsApps
USERNAME=Comp
OS=Windows_NT
PROCESSOR_IDENTIFIER=AMD64 Family 23 Model 1 Stepping 1, AuthenticAMD



---------------  S Y S T E M  ---------------

OS:
 Windows 10 , 64 bit Build 19041 (10.0.19041.2913)
OS uptime: 0 days 0:07 hours
Hyper-V role detected

CPU: total 4 (initial active 4) (4 cores per cpu, 1 threads per core) family 23 model 1 stepping 1 microcode 0x0, cx8, cmov, fxsr, mmx, 3dnowpref, sse, sse2, sse3, ssse3, sse4a, sse4.1, sse4.2, popcnt, lzcnt, tsc, tscinvbit, avx, avx2, aes, clmul, bmi1, bmi2, adx, sha, fma, vzeroupper, clflush, clflushopt, hv

Memory: 4k page, system-wide physical 8143M (1291M free)
TotalPageFile size 16143M (AvailPageFile size 4M)
current process WorkingSet (physical memory assigned to process): 47M, peak: 131M
current process commit charge ("private bytes"): 256M, peak: 256M

vm_info: Java HotSpot(TM) 64-Bit Server VM (17.0.6+9-LTS-190) for windows-amd64 JRE (17.0.6+9-LTS-190), built on Dec  6 2022 15:53:54 by "mach5one" with MS VC++ 17.1 (VS2022)

END.
